INFORMATION: Apply  [So Jun 13 19:01:53 MESZ 2021]
INFORMATION: Apply  [So Jun 13 19:01:53 MESZ 2021]
INFORMATION: Apply  [So Jun 13 19:01:53 MESZ 2021]
INFORMATION: Apply  [So Jun 13 19:01:53 MESZ 2021]
INFORMATION: Apply  [So Jun 13 19:01:53 MESZ 2021]
INFORMATION: NPCs = 2ms PCs = 99ms [So Jun 13 19:01:53 MESZ 2021]
INFORMATION: Apply  [So Jun 13 19:01:53 MESZ 2021]
INFORMATION: Apply  [So Jun 13 19:01:53 MESZ 2021]
INFORMATION: Apply  [So Jun 13 19:01:53 MESZ 2021]
INFORMATION: Apply  [So Jun 13 19:01:53 MESZ 2021]
INFORMATION: Apply  [So Jun 13 19:01:53 MESZ 2021]
INFORMATION: Apply  [So Jun 13 19:01:53 MESZ 2021]
INFORMATION: Apply  [So Jun 13 19:01:53 MESZ 2021]
INFORMATION: Apply  [So Jun 13 19:01:53 MESZ 2021]
INFORMATION: Apply  [So Jun 13 19:01:53 MESZ 2021]
INFORMATION: Apply  [So Jun 13 19:01:53 MESZ 2021]
INFORMATION: Apply  [So Jun 13 19:01:53 MESZ 2021]
INFORMATION: Apply  [So Jun 13 19:01:53 MESZ 2021]
INFORMATION: Apply  [So Jun 13 19:01:53 MESZ 2021]
INFORMATION: 889. turn [So Jun 13 19:01:53 MESZ 2021]
INFORMATION: Apply Move [So Jun 13 19:01:53 MESZ 2021]
INFORMATION: 	getEntityAt XY [x=23, y=41] Entity [id=-1, type=, position=null, energy=0] [So Jun 13 19:01:53 MESZ 2021]
INFORMATION: 	move Entity [id=0, type=MasterSquirrelBot, position=XY [x=24, y=41], energy=0] XY [x=23, y=41]  [So Jun 13 19:01:53 MESZ 2021]
INFORMATION: Apply Move [So Jun 13 19:01:53 MESZ 2021]
INFORMATION: 	getEntityAt XY [x=27, y=17] Entity [id=-1, type=, position=null, energy=0] [So Jun 13 19:01:53 MESZ 2021]
INFORMATION: 	move Entity [id=1, type=MasterSquirrelBot, position=XY [x=28, y=17], energy=3929] XY [x=27, y=17]  [So Jun 13 19:01:53 MESZ 2021]
INFORMATION: Apply  [So Jun 13 19:01:54 MESZ 2021]
INFORMATION: Apply  [So Jun 13 19:01:54 MESZ 2021]
INFORMATION: Apply  [So Jun 13 19:01:54 MESZ 2021]
INFORMATION: Apply  [So Jun 13 19:01:54 MESZ 2021]
INFORMATION: Apply  [So Jun 13 19:01:54 MESZ 2021]
INFORMATION: Apply  [So Jun 13 19:01:54 MESZ 2021]
INFORMATION: Apply  [So Jun 13 19:01:54 MESZ 2021]
INFORMATION: Apply  [So Jun 13 19:01:54 MESZ 2021]
INFORMATION: Apply  [So Jun 13 19:01:54 MESZ 2021]
INFORMATION: Apply  [So Jun 13 19:01:54 MESZ 2021]
INFORMATION: Apply  [So Jun 13 19:01:54 MESZ 2021]
INFORMATION: Apply  [So Jun 13 19:01:54 MESZ 2021]
INFORMATION: Apply  [So Jun 13 19:01:54 MESZ 2021]
INFORMATION: Apply  [So Jun 13 19:01:54 MESZ 2021]
INFORMATION: Apply  [So Jun 13 19:01:54 MESZ 2021]
INFORMATION: Apply  [So Jun 13 19:01:54 MESZ 2021]
INFORMATION: Apply  [So Jun 13 19:01:54 MESZ 2021]
INFORMATION: Apply  [So Jun 13 19:01:54 MESZ 2021]
INFORMATION: Apply  [So Jun 13 19:01:54 MESZ 2021]
INFORMATION: Apply  [So Jun 13 19:01:54 MESZ 2021]
INFORMATION: Apply  [So Jun 13 19:01:54 MESZ 2021]
INFORMATION: Apply  [So Jun 13 19:01:54 MESZ 2021]
INFORMATION: Apply  [So Jun 13 19:01:54 MESZ 2021]
INFORMATION: Apply  [So Jun 13 19:01:54 MESZ 2021]
INFORMATION: Apply  [So Jun 13 19:01:54 MESZ 2021]
INFORMATION: Apply  [So Jun 13 19:01:54 MESZ 2021]
INFORMATION: Apply  [So Jun 13 19:01:54 MESZ 2021]
INFORMATION: Apply  [So Jun 13 19:01:54 MESZ 2021]
INFORMATION: Apply  [So Jun 13 19:01:54 MESZ 2021]
INFORMATION: Apply  [So Jun 13 19:01:54 MESZ 2021]
INFORMATION: Apply  [So Jun 13 19:01:54 MESZ 2021]
INFORMATION: Apply  [So Jun 13 19:01:54 MESZ 2021]
INFORMATION: Apply  [So Jun 13 19:01:54 MESZ 2021]
INFORMATION: Apply  [So Jun 13 19:01:54 MESZ 2021]
INFORMATION: Apply  [So Jun 13 19:01:54 MESZ 2021]
INFORMATION: Apply  [So Jun 13 19:01:54 MESZ 2021]
INFORMATION: Apply  [So Jun 13 19:01:54 MESZ 2021]
INFORMATION: Apply  [So Jun 13 19:01:54 MESZ 2021]
INFORMATION: Apply  [So Jun 13 19:01:54 MESZ 2021]
INFORMATION: Apply  [So Jun 13 19:01:54 MESZ 2021]
INFORMATION: Apply  [So Jun 13 19:01:54 MESZ 2021]
INFORMATION: Apply  [So Jun 13 19:01:54 MESZ 2021]
INFORMATION: Apply  [So Jun 13 19:01:54 MESZ 2021]
INFORMATION: Apply  [So Jun 13 19:01:54 MESZ 2021]
INFORMATION: Apply  [So Jun 13 19:01:54 MESZ 2021]
INFORMATION: Apply  [So Jun 13 19:01:54 MESZ 2021]
INFORMATION: Apply  [So Jun 13 19:01:54 MESZ 2021]
INFORMATION: Apply  [So Jun 13 19:01:54 MESZ 2021]
INFORMATION: Apply  [So Jun 13 19:01:54 MESZ 2021]
INFORMATION: Apply  [So Jun 13 19:01:54 MESZ 2021]
INFORMATION: Apply  [So Jun 13 19:01:54 MESZ 2021]
INFORMATION: Apply  [So Jun 13 19:01:54 MESZ 2021]
INFORMATION: Apply  [So Jun 13 19:01:54 MESZ 2021]
INFORMATION: Apply  [So Jun 13 19:01:54 MESZ 2021]
INFORMATION: Apply  [So Jun 13 19:01:54 MESZ 2021]
INFORMATION: Apply  [So Jun 13 19:01:54 MESZ 2021]
INFORMATION: Apply  [So Jun 13 19:01:54 MESZ 2021]
INFORMATION: Apply  [So Jun 13 19:01:54 MESZ 2021]
INFORMATION: Apply  [So Jun 13 19:01:54 MESZ 2021]
INFORMATION: Apply  [So Jun 13 19:01:54 MESZ 2021]
INFORMATION: Apply  [So Jun 13 19:01:54 MESZ 2021]
INFORMATION: Apply  [So Jun 13 19:01:54 MESZ 2021]
INFORMATION: Apply  [So Jun 13 19:01:54 MESZ 2021]
INFORMATION: Apply  [So Jun 13 19:01:54 MESZ 2021]
INFORMATION: Apply  [So Jun 13 19:01:54 MESZ 2021]
INFORMATION: Apply  [So Jun 13 19:01:54 MESZ 2021]
INFORMATION: Apply  [So Jun 13 19:01:54 MESZ 2021]
INFORMATION: Apply  [So Jun 13 19:01:54 MESZ 2021]
INFORMATION: Apply  [So Jun 13 19:01:54 MESZ 2021]
INFORMATION: Apply  [So Jun 13 19:01:54 MESZ 2021]
INFORMATION: Apply  [So Jun 13 19:01:54 MESZ 2021]
INFORMATION: Apply  [So Jun 13 19:01:54 MESZ 2021]
INFORMATION: Apply  [So Jun 13 19:01:54 MESZ 2021]
INFORMATION: Apply  [So Jun 13 19:01:54 MESZ 2021]
INFORMATION: Apply  [So Jun 13 19:01:54 MESZ 2021]
INFORMATION: Apply  [So Jun 13 19:01:54 MESZ 2021]
INFORMATION: NPCs = 2ms PCs = 100ms [So Jun 13 19:01:54 MESZ 2021]
INFORMATION: 890. turn [So Jun 13 19:01:54 MESZ 2021]
INFORMATION: Apply Move [So Jun 13 19:01:54 MESZ 2021]
INFORMATION: 	getEntityAt XY [x=66, y=50] Entity [id=-1, type=, position=null, energy=0] [So Jun 13 19:01:54 MESZ 2021]
INFORMATION: 	move Entity [id=2, type=MasterSquirrelBot, position=XY [x=65, y=49], energy=6706] XY [x=66, y=50]  [So Jun 13 19:01:54 MESZ 2021]
INFORMATION: Apply  [So Jun 13 19:01:54 MESZ 2021]
INFORMATION: Apply  [So Jun 13 19:01:54 MESZ 2021]
INFORMATION: Apply  [So Jun 13 19:01:54 MESZ 2021]
INFORMATION: Apply  [So Jun 13 19:01:54 MESZ 2021]
INFORMATION: Apply Move [So Jun 13 19:01:54 MESZ 2021]
INFORMATION: 	getEntityAt XY [x=70, y=48] Entity [id=-1, type=, position=null, energy=0] [So Jun 13 19:01:54 MESZ 2021]
INFORMATION: 	move Entity [id=1167, type=BadBeast, position=XY [x=71, y=48], energy=-150] XY [x=70, y=48]  [So Jun 13 19:01:54 MESZ 2021]
INFORMATION: Apply  [So Jun 13 19:01:54 MESZ 2021]
INFORMATION: Apply  [So Jun 13 19:01:54 MESZ 2021]
INFORMATION: Apply  [So Jun 13 19:01:54 MESZ 2021]
INFORMATION: Apply  [So Jun 13 19:01:54 MESZ 2021]
INFORMATION: Apply  [So Jun 13 19:01:54 MESZ 2021]
INFORMATION: Apply  [So Jun 13 19:01:54 MESZ 2021]
INFORMATION: Apply  [So Jun 13 19:01:54 MESZ 2021]
INFORMATION: Apply  [So Jun 13 19:01:54 MESZ 2021]
INFORMATION: Apply  [So Jun 13 19:01:54 MESZ 2021]
INFORMATION: Apply  [So Jun 13 19:01:54 MESZ 2021]
INFORMATION: Apply  [So Jun 13 19:01:54 MESZ 2021]
INFORMATION: Apply  [So Jun 13 19:01:54 MESZ 2021]
INFORMATION: Apply  [So Jun 13 19:01:54 MESZ 2021]
INFORMATION: Apply  [So Jun 13 19:01:54 MESZ 2021]
INFORMATION: Apply  [So Jun 13 19:01:54 MESZ 2021]
INFORMATION: Apply  [So Jun 13 19:01:54 MESZ 2021]
INFORMATION: Apply  [So Jun 13 19:01:54 MESZ 2021]
INFORMATION: Apply  [So Jun 13 19:01:54 MESZ 2021]
INFORMATION: Apply  [So Jun 13 19:01:54 MESZ 2021]
INFORMATION: Apply  [So Jun 13 19:01:54 MESZ 2021]
INFORMATION: Apply  [So Jun 13 19:01:54 MESZ 2021]
INFORMATION: Apply  [So Jun 13 19:01:54 MESZ 2021]
INFORMATION: Apply  [So Jun 13 19:01:54 MESZ 2021]
INFORMATION: Apply  [So Jun 13 19:01:54 MESZ 2021]
INFORMATION: Apply  [So Jun 13 19:01:54 MESZ 2021]
INFORMATION: Apply  [So Jun 13 19:01:54 MESZ 2021]
INFORMATION: Apply  [So Jun 13 19:01:54 MESZ 2021]
INFORMATION: Apply  [So Jun 13 19:01:54 MESZ 2021]
INFORMATION: Apply  [So Jun 13 19:01:54 MESZ 2021]
INFORMATION: Apply  [So Jun 13 19:01:54 MESZ 2021]
INFORMATION: Apply  [So Jun 13 19:01:54 MESZ 2021]
INFORMATION: Apply  [So Jun 13 19:01:54 MESZ 2021]
INFORMATION: Apply  [So Jun 13 19:01:54 MESZ 2021]
INFORMATION: Apply  [So Jun 13 19:01:54 MESZ 2021]
INFORMATION: Apply  [So Jun 13 19:01:54 MESZ 2021]
INFORMATION: Apply  [So Jun 13 19:01:54 MESZ 2021]
INFORMATION: Apply  [So Jun 13 19:01:54 MESZ 2021]
INFORMATION: Apply  [So Jun 13 19:01:54 MESZ 2021]
INFORMATION: Apply  [So Jun 13 19:01:54 MESZ 2021]
INFORMATION: Apply  [So Jun 13 19:01:54 MESZ 2021]
INFORMATION: Apply  [So Jun 13 19:01:54 MESZ 2021]
INFORMATION: Apply  [So Jun 13 19:01:54 MESZ 2021]
INFORMATION: Apply  [So Jun 13 19:01:54 MESZ 2021]
INFORMATION: Apply  [So Jun 13 19:01:54 MESZ 2021]
INFORMATION: Apply  [So Jun 13 19:01:54 MESZ 2021]
INFORMATION: Apply  [So Jun 13 19:01:54 MESZ 2021]
INFORMATION: Apply  [So Jun 13 19:01:54 MESZ 2021]
INFORMATION: Apply  [So Jun 13 19:01:54 MESZ 2021]
INFORMATION: Apply  [So Jun 13 19:01:54 MESZ 2021]
INFORMATION: Apply  [So Jun 13 19:01:54 MESZ 2021]
INFORMATION: Apply  [So Jun 13 19:01:54 MESZ 2021]
INFORMATION: Apply  [So Jun 13 19:01:54 MESZ 2021]
INFORMATION: Apply  [So Jun 13 19:01:54 MESZ 2021]
INFORMATION: Apply  [So Jun 13 19:01:54 MESZ 2021]
INFORMATION: Apply  [So Jun 13 19:01:54 MESZ 2021]
INFORMATION: Apply  [So Jun 13 19:01:54 MESZ 2021]
INFORMATION: Apply  [So Jun 13 19:01:54 MESZ 2021]
INFORMATION: Apply  [So Jun 13 19:01:54 MESZ 2021]
INFORMATION: Apply  [So Jun 13 19:01:54 MESZ 2021]
INFORMATION: Apply  [So Jun 13 19:01:54 MESZ 2021]
INFORMATION: Apply  [So Jun 13 19:01:54 MESZ 2021]
INFORMATION: Apply  [So Jun 13 19:01:54 MESZ 2021]
INFORMATION: Apply  [So Jun 13 19:01:54 MESZ 2021]
INFORMATION: Apply  [So Jun 13 19:01:54 MESZ 2021]
INFORMATION: Apply  [So Jun 13 19:01:54 MESZ 2021]
INFORMATION: Apply  [So Jun 13 19:01:54 MESZ 2021]
INFORMATION: Apply  [So Jun 13 19:01:54 MESZ 2021]
INFORMATION: Apply  [So Jun 13 19:01:54 MESZ 2021]
INFORMATION: Apply  [So Jun 13 19:01:54 MESZ 2021]
INFORMATION: Apply  [So Jun 13 19:01:54 MESZ 2021]
INFORMATION: Apply  [So Jun 13 19:01:54 MESZ 2021]
INFORMATION: Apply  [So Jun 13 19:01:54 MESZ 2021]
INFORMATION: NPCs = 2ms PCs = 100ms [So Jun 13 19:01:54 MESZ 2021]
INFORMATION: 891. turn [So Jun 13 19:01:54 MESZ 2021]
INFORMATION: Apply Move [So Jun 13 19:01:54 MESZ 2021]
INFORMATION: 	getEntityAt XY [x=22, y=41] Entity [id=-1, type=, position=null, energy=0] [So Jun 13 19:01:54 MESZ 2021]
INFORMATION: 	move Entity [id=0, type=MasterSquirrelBot, position=XY [x=23, y=41], energy=0] XY [x=22, y=41]  [So Jun 13 19:01:54 MESZ 2021]
INFORMATION: Apply Move [So Jun 13 19:01:54 MESZ 2021]
INFORMATION: 	getEntityAt XY [x=26, y=17] Entity [id=-1, type=, position=null, energy=0] [So Jun 13 19:01:54 MESZ 2021]
INFORMATION: 	move Entity [id=1, type=MasterSquirrelBot, position=XY [x=27, y=17], energy=3929] XY [x=26, y=17]  [So Jun 13 19:01:54 MESZ 2021]
INFORMATION: Apply  [So Jun 13 19:01:54 MESZ 2021]
INFORMATION: Apply  [So Jun 13 19:01:54 MESZ 2021]
INFORMATION: Apply  [So Jun 13 19:01:54 MESZ 2021]
INFORMATION: Apply  [So Jun 13 19:01:54 MESZ 2021]
INFORMATION: Apply  [So Jun 13 19:01:54 MESZ 2021]
INFORMATION: Apply  [So Jun 13 19:01:54 MESZ 2021]
INFORMATION: Apply  [So Jun 13 19:01:54 MESZ 2021]
INFORMATION: Apply  [So Jun 13 19:01:54 MESZ 2021]
INFORMATION: Apply  [So Jun 13 19:01:54 MESZ 2021]
INFORMATION: Apply  [So Jun 13 19:01:54 MESZ 2021]
INFORMATION: Apply  [So Jun 13 19:01:54 MESZ 2021]
INFORMATION: Apply  [So Jun 13 19:01:54 MESZ 2021]
INFORMATION: Apply  [So Jun 13 19:01:54 MESZ 2021]
INFORMATION: Apply  [So Jun 13 19:01:54 MESZ 2021]
INFORMATION: Apply  [So Jun 13 19:01:54 MESZ 2021]
INFORMATION: Apply  [So Jun 13 19:01:54 MESZ 2021]
INFORMATION: Apply  [So Jun 13 19:01:54 MESZ 2021]
INFORMATION: Apply  [So Jun 13 19:01:54 MESZ 2021]
INFORMATION: Apply  [So Jun 13 19:01:54 MESZ 2021]
INFORMATION: Apply  [So Jun 13 19:01:54 MESZ 2021]
INFORMATION: Apply  [So Jun 13 19:01:54 MESZ 2021]
INFORMATION: Apply  [So Jun 13 19:01:54 MESZ 2021]
INFORMATION: Apply  [So Jun 13 19:01:54 MESZ 2021]
INFORMATION: Apply  [So Jun 13 19:01:54 MESZ 2021]
INFORMATION: Apply  [So Jun 13 19:01:54 MESZ 2021]
INFORMATION: Apply  [So Jun 13 19:01:54 MESZ 2021]
INFORMATION: Apply  [So Jun 13 19:01:54 MESZ 2021]
INFORMATION: Apply  [So Jun 13 19:01:54 MESZ 2021]
INFORMATION: Apply  [So Jun 13 19:01:54 MESZ 2021]
INFORMATION: Apply  [So Jun 13 19:01:54 MESZ 2021]
INFORMATION: Apply  [So Jun 13 19:01:54 MESZ 2021]
INFORMATION: Apply  [So Jun 13 19:01:54 MESZ 2021]
INFORMATION: Apply  [So Jun 13 19:01:54 MESZ 2021]
INFORMATION: Apply  [So Jun 13 19:01:54 MESZ 2021]
INFORMATION: Apply  [So Jun 13 19:01:54 MESZ 2021]
INFORMATION: Apply  [So Jun 13 19:01:54 MESZ 2021]
INFORMATION: Apply  [So Jun 13 19:01:54 MESZ 2021]
INFORMATION: Apply  [So Jun 13 19:01:54 MESZ 2021]
INFORMATION: Apply  [So Jun 13 19:01:54 MESZ 2021]
INFORMATION: Apply  [So Jun 13 19:01:54 MESZ 2021]
INFORMATION: Apply  [So Jun 13 19:01:54 MESZ 2021]
INFORMATION: Apply  [So Jun 13 19:01:54 MESZ 2021]
INFORMATION: Apply  [So Jun 13 19:01:54 MESZ 2021]
INFORMATION: Apply  [So Jun 13 19:01:54 MESZ 2021]
INFORMATION: Apply  [So Jun 13 19:01:54 MESZ 2021]
INFORMATION: Apply  [So Jun 13 19:01:54 MESZ 2021]
INFORMATION: Apply  [So Jun 13 19:01:54 MESZ 2021]
INFORMATION: Apply  [So Jun 13 19:01:54 MESZ 2021]
INFORMATION: Apply  [So Jun 13 19:01:54 MESZ 2021]
INFORMATION: Apply  [So Jun 13 19:01:54 MESZ 2021]
INFORMATION: Apply  [So Jun 13 19:01:54 MESZ 2021]
INFORMATION: Apply  [So Jun 13 19:01:54 MESZ 2021]
INFORMATION: Apply  [So Jun 13 19:01:54 MESZ 2021]
INFORMATION: Apply  [So Jun 13 19:01:54 MESZ 2021]
INFORMATION: Apply  [So Jun 13 19:01:54 MESZ 2021]
INFORMATION: Apply  [So Jun 13 19:01:54 MESZ 2021]
INFORMATION: Apply  [So Jun 13 19:01:54 MESZ 2021]
INFORMATION: Apply  [So Jun 13 19:01:54 MESZ 2021]
INFORMATION: Apply  [So Jun 13 19:01:54 MESZ 2021]
INFORMATION: Apply  [So Jun 13 19:01:54 MESZ 2021]
INFORMATION: Apply  [So Jun 13 19:01:54 MESZ 2021]
INFORMATION: Apply  [So Jun 13 19:01:54 MESZ 2021]
INFORMATION: Apply  [So Jun 13 19:01:54 MESZ 2021]
INFORMATION: Apply  [So Jun 13 19:01:54 MESZ 2021]
INFORMATION: Apply  [So Jun 13 19:01:54 MESZ 2021]
INFORMATION: Apply  [So Jun 13 19:01:54 MESZ 2021]
INFORMATION: Apply  [So Jun 13 19:01:54 MESZ 2021]
INFORMATION: Apply  [So Jun 13 19:01:54 MESZ 2021]
INFORMATION: Apply  [So Jun 13 19:01:54 MESZ 2021]
INFORMATION: Apply  [So Jun 13 19:01:54 MESZ 2021]
INFORMATION: Apply  [So Jun 13 19:01:54 MESZ 2021]
INFORMATION: Apply  [So Jun 13 19:01:54 MESZ 2021]
INFORMATION: Apply  [So Jun 13 19:01:54 MESZ 2021]
INFORMATION: Apply  [So Jun 13 19:01:54 MESZ 2021]
INFORMATION: Apply  [So Jun 13 19:01:54 MESZ 2021]
INFORMATION: Apply  [So Jun 13 19:01:54 MESZ 2021]
INFORMATION: Apply Move [So Jun 13 19:01:54 MESZ 2021]
INFORMATION: 	getEntityAt XY [x=20, y=17] Entity [id=-1, type=, position=null, energy=0] [So Jun 13 19:01:54 MESZ 2021]
INFORMATION: 	move Entity [id=1258, type=GoodBeast, position=XY [x=21, y=17], energy=200] XY [x=20, y=17]  [So Jun 13 19:01:54 MESZ 2021]
INFORMATION: NPCs = 2ms PCs = 100ms [So Jun 13 19:01:54 MESZ 2021]
INFORMATION: 892. turn [So Jun 13 19:01:54 MESZ 2021]
INFORMATION: Apply Move [So Jun 13 19:01:54 MESZ 2021]
INFORMATION: 	getEntityAt XY [x=67, y=51] Entity [id=-1, type=, position=null, energy=0] [So Jun 13 19:01:54 MESZ 2021]
INFORMATION: 	move Entity [id=2, type=MasterSquirrelBot, position=XY [x=66, y=50], energy=6706] XY [x=67, y=51]  [So Jun 13 19:01:54 MESZ 2021]
INFORMATION: Apply  [So Jun 13 19:01:54 MESZ 2021]
INFORMATION: Apply  [So Jun 13 19:01:54 MESZ 2021]
INFORMATION: Apply  [So Jun 13 19:01:54 MESZ 2021]
INFORMATION: Apply  [So Jun 13 19:01:54 MESZ 2021]
INFORMATION: Apply  [So Jun 13 19:01:54 MESZ 2021]
INFORMATION: Apply  [So Jun 13 19:01:54 MESZ 2021]
INFORMATION: Apply  [So Jun 13 19:01:54 MESZ 2021]
INFORMATION: Apply  [So Jun 13 19:01:54 MESZ 2021]
INFORMATION: Apply  [So Jun 13 19:01:54 MESZ 2021]
INFORMATION: Apply  [So Jun 13 19:01:54 MESZ 2021]
INFORMATION: Apply  [So Jun 13 19:01:54 MESZ 2021]
INFORMATION: Apply  [So Jun 13 19:01:54 MESZ 2021]
INFORMATION: Apply  [So Jun 13 19:01:54 MESZ 2021]
INFORMATION: Apply  [So Jun 13 19:01:54 MESZ 2021]
INFORMATION: Apply  [So Jun 13 19:01:54 MESZ 2021]
INFORMATION: Apply  [So Jun 13 19:01:54 MESZ 2021]
INFORMATION: Apply  [So Jun 13 19:01:54 MESZ 2021]
INFORMATION: Apply  [So Jun 13 19:01:54 MESZ 2021]
INFORMATION: Apply  [So Jun 13 19:01:54 MESZ 2021]
INFORMATION: Apply  [So Jun 13 19:01:54 MESZ 2021]
INFORMATION: Apply  [So Jun 13 19:01:54 MESZ 2021]
INFORMATION: Apply  [So Jun 13 19:01:54 MESZ 2021]
INFORMATION: Apply  [So Jun 13 19:01:54 MESZ 2021]
INFORMATION: Apply  [So Jun 13 19:01:54 MESZ 2021]
INFORMATION: Apply  [So Jun 13 19:01:54 MESZ 2021]
INFORMATION: Apply  [So Jun 13 19:01:54 MESZ 2021]
INFORMATION: Apply  [So Jun 13 19:01:54 MESZ 2021]
INFORMATION: Apply  [So Jun 13 19:01:54 MESZ 2021]
INFORMATION: Apply  [So Jun 13 19:01:54 MESZ 2021]
INFORMATION: Apply  [So Jun 13 19:01:54 MESZ 2021]
INFORMATION: Apply  [So Jun 13 19:01:54 MESZ 2021]
INFORMATION: Apply  [So Jun 13 19:01:54 MESZ 2021]
INFORMATION: Apply  [So Jun 13 19:01:54 MESZ 2021]
INFORMATION: Apply Move [So Jun 13 19:01:54 MESZ 2021]
INFORMATION: 	getEntityAt XY [x=69, y=53] Entity [id=-1, type=, position=null, energy=0] [So Jun 13 19:01:54 MESZ 2021]
INFORMATION: 	move Entity [id=1241, type=GoodBeast, position=XY [x=68, y=52], energy=200] XY [x=69, y=53]  [So Jun 13 19:01:54 MESZ 2021]
INFORMATION: Apply  [So Jun 13 19:01:54 MESZ 2021]
INFORMATION: Apply  [So Jun 13 19:01:54 MESZ 2021]
INFORMATION: Apply  [So Jun 13 19:01:54 MESZ 2021]
INFORMATION: Apply  [So Jun 13 19:01:54 MESZ 2021]
INFORMATION: Apply  [So Jun 13 19:01:54 MESZ 2021]
INFORMATION: Apply  [So Jun 13 19:01:54 MESZ 2021]
INFORMATION: Apply  [So Jun 13 19:01:54 MESZ 2021]
INFORMATION: Apply  [So Jun 13 19:01:54 MESZ 2021]
INFORMATION: Apply  [So Jun 13 19:01:54 MESZ 2021]
INFORMATION: Apply  [So Jun 13 19:01:54 MESZ 2021]
INFORMATION: Apply  [So Jun 13 19:01:54 MESZ 2021]
INFORMATION: Apply  [So Jun 13 19:01:54 MESZ 2021]
INFORMATION: Apply  [So Jun 13 19:01:54 MESZ 2021]
INFORMATION: Apply  [So Jun 13 19:01:54 MESZ 2021]
INFORMATION: Apply  [So Jun 13 19:01:54 MESZ 2021]
INFORMATION: Apply  [So Jun 13 19:01:54 MESZ 2021]
INFORMATION: Apply  [So Jun 13 19:01:54 MESZ 2021]
INFORMATION: Apply  [So Jun 13 19:01:54 MESZ 2021]
INFORMATION: Apply  [So Jun 13 19:01:54 MESZ 2021]
INFORMATION: Apply  [So Jun 13 19:01:54 MESZ 2021]
INFORMATION: Apply  [So Jun 13 19:01:54 MESZ 2021]
INFORMATION: Apply  [So Jun 13 19:01:54 MESZ 2021]
INFORMATION: Apply  [So Jun 13 19:01:54 MESZ 2021]
INFORMATION: Apply  [So Jun 13 19:01:54 MESZ 2021]
INFORMATION: Apply  [So Jun 13 19:01:54 MESZ 2021]
INFORMATION: Apply  [So Jun 13 19:01:54 MESZ 2021]
INFORMATION: Apply  [So Jun 13 19:01:54 MESZ 2021]
INFORMATION: Apply  [So Jun 13 19:01:54 MESZ 2021]
INFORMATION: Apply  [So Jun 13 19:01:54 MESZ 2021]
INFORMATION: Apply  [So Jun 13 19:01:54 MESZ 2021]
INFORMATION: Apply  [So Jun 13 19:01:54 MESZ 2021]
INFORMATION: Apply  [So Jun 13 19:01:54 MESZ 2021]
INFORMATION: Apply  [So Jun 13 19:01:54 MESZ 2021]
INFORMATION: Apply  [So Jun 13 19:01:54 MESZ 2021]
INFORMATION: Apply  [So Jun 13 19:01:54 MESZ 2021]
INFORMATION: Apply  [So Jun 13 19:01:54 MESZ 2021]
INFORMATION: Apply  [So Jun 13 19:01:54 MESZ 2021]
INFORMATION: Apply  [So Jun 13 19:01:54 MESZ 2021]
INFORMATION: Apply  [So Jun 13 19:01:54 MESZ 2021]
INFORMATION: Apply  [So Jun 13 19:01:54 MESZ 2021]
INFORMATION: Apply  [So Jun 13 19:01:54 MESZ 2021]
INFORMATION: Apply  [So Jun 13 19:01:54 MESZ 2021]
INFORMATION: Apply  [So Jun 13 19:01:54 MESZ 2021]
INFORMATION: NPCs = 2ms PCs = 99ms [So Jun 13 19:01:54 MESZ 2021]
INFORMATION: Apply  [So Jun 13 19:01:54 MESZ 2021]
INFORMATION: 893. turn [So Jun 13 19:01:54 MESZ 2021]
INFORMATION: Apply Move [So Jun 13 19:01:54 MESZ 2021]
INFORMATION: 	getEntityAt XY [x=23, y=40] Entity [id=-1, type=, position=null, energy=0] [So Jun 13 19:01:54 MESZ 2021]
INFORMATION: 	move Entity [id=0, type=MasterSquirrelBot, position=XY [x=22, y=41], energy=0] XY [x=23, y=40]  [So Jun 13 19:01:54 MESZ 2021]
INFORMATION: Apply Move [So Jun 13 19:01:54 MESZ 2021]
INFORMATION: 	getEntityAt XY [x=25, y=17] Entity [id=-1, type=, position=null, energy=0] [So Jun 13 19:01:54 MESZ 2021]
INFORMATION: 	move Entity [id=1, type=MasterSquirrelBot, position=XY [x=26, y=17], energy=3929] XY [x=25, y=17]  [So Jun 13 19:01:54 MESZ 2021]
INFORMATION: Apply  [So Jun 13 19:01:54 MESZ 2021]
INFORMATION: Apply  [So Jun 13 19:01:54 MESZ 2021]
INFORMATION: Apply  [So Jun 13 19:01:54 MESZ 2021]
INFORMATION: Apply  [So Jun 13 19:01:54 MESZ 2021]
INFORMATION: Apply  [So Jun 13 19:01:54 MESZ 2021]
INFORMATION: Apply  [So Jun 13 19:01:54 MESZ 2021]
INFORMATION: Apply  [So Jun 13 19:01:54 MESZ 2021]
INFORMATION: Apply  [So Jun 13 19:01:54 MESZ 2021]
INFORMATION: Apply  [So Jun 13 19:01:54 MESZ 2021]
INFORMATION: Apply  [So Jun 13 19:01:54 MESZ 2021]
INFORMATION: Apply  [So Jun 13 19:01:54 MESZ 2021]
INFORMATION: Apply  [So Jun 13 19:01:54 MESZ 2021]
INFORMATION: Apply  [So Jun 13 19:01:54 MESZ 2021]
INFORMATION: Apply  [So Jun 13 19:01:54 MESZ 2021]
INFORMATION: Apply  [So Jun 13 19:01:54 MESZ 2021]
INFORMATION: Apply  [So Jun 13 19:01:54 MESZ 2021]
INFORMATION: Apply  [So Jun 13 19:01:54 MESZ 2021]
INFORMATION: Apply  [So Jun 13 19:01:54 MESZ 2021]
INFORMATION: Apply  [So Jun 13 19:01:54 MESZ 2021]
INFORMATION: Apply  [So Jun 13 19:01:54 MESZ 2021]
INFORMATION: Apply  [So Jun 13 19:01:54 MESZ 2021]
INFORMATION: Apply  [So Jun 13 19:01:54 MESZ 2021]
INFORMATION: Apply  [So Jun 13 19:01:54 MESZ 2021]
INFORMATION: Apply  [So Jun 13 19:01:54 MESZ 2021]
INFORMATION: Apply  [So Jun 13 19:01:54 MESZ 2021]
INFORMATION: Apply  [So Jun 13 19:01:54 MESZ 2021]
INFORMATION: Apply  [So Jun 13 19:01:54 MESZ 2021]
INFORMATION: Apply  [So Jun 13 19:01:54 MESZ 2021]
INFORMATION: Apply  [So Jun 13 19:01:54 MESZ 2021]
INFORMATION: Apply  [So Jun 13 19:01:54 MESZ 2021]
INFORMATION: Apply  [So Jun 13 19:01:54 MESZ 2021]
INFORMATION: Apply  [So Jun 13 19:01:54 MESZ 2021]
INFORMATION: Apply  [So Jun 13 19:01:54 MESZ 2021]
INFORMATION: Apply  [So Jun 13 19:01:54 MESZ 2021]
INFORMATION: Apply  [So Jun 13 19:01:54 MESZ 2021]
INFORMATION: Apply  [So Jun 13 19:01:54 MESZ 2021]
INFORMATION: Apply  [So Jun 13 19:01:54 MESZ 2021]
INFORMATION: Apply  [So Jun 13 19:01:54 MESZ 2021]
INFORMATION: Apply  [So Jun 13 19:01:54 MESZ 2021]
INFORMATION: Apply  [So Jun 13 19:01:54 MESZ 2021]
INFORMATION: Apply  [So Jun 13 19:01:54 MESZ 2021]
INFORMATION: Apply  [So Jun 13 19:01:54 MESZ 2021]
INFORMATION: Apply  [So Jun 13 19:01:54 MESZ 2021]
INFORMATION: Apply  [So Jun 13 19:01:54 MESZ 2021]
INFORMATION: Apply  [So Jun 13 19:01:54 MESZ 2021]
INFORMATION: Apply  [So Jun 13 19:01:54 MESZ 2021]
INFORMATION: Apply  [So Jun 13 19:01:54 MESZ 2021]
INFORMATION: Apply  [So Jun 13 19:01:54 MESZ 2021]
INFORMATION: Apply  [So Jun 13 19:01:54 MESZ 2021]
INFORMATION: Apply  [So Jun 13 19:01:54 MESZ 2021]
INFORMATION: Apply  [So Jun 13 19:01:54 MESZ 2021]
INFORMATION: Apply  [So Jun 13 19:01:54 MESZ 2021]
INFORMATION: Apply  [So Jun 13 19:01:54 MESZ 2021]
INFORMATION: Apply  [So Jun 13 19:01:54 MESZ 2021]
INFORMATION: Apply  [So Jun 13 19:01:54 MESZ 2021]
INFORMATION: Apply  [So Jun 13 19:01:54 MESZ 2021]
INFORMATION: Apply  [So Jun 13 19:01:54 MESZ 2021]
INFORMATION: Apply  [So Jun 13 19:01:54 MESZ 2021]
INFORMATION: Apply  [So Jun 13 19:01:54 MESZ 2021]
INFORMATION: Apply  [So Jun 13 19:01:54 MESZ 2021]
INFORMATION: Apply  [So Jun 13 19:01:54 MESZ 2021]
INFORMATION: Apply  [So Jun 13 19:01:54 MESZ 2021]
INFORMATION: Apply  [So Jun 13 19:01:54 MESZ 2021]
INFORMATION: Apply  [So Jun 13 19:01:54 MESZ 2021]
INFORMATION: Apply  [So Jun 13 19:01:54 MESZ 2021]
INFORMATION: Apply  [So Jun 13 19:01:54 MESZ 2021]
INFORMATION: Apply  [So Jun 13 19:01:54 MESZ 2021]
INFORMATION: Apply  [So Jun 13 19:01:54 MESZ 2021]
INFORMATION: Apply  [So Jun 13 19:01:54 MESZ 2021]
INFORMATION: Apply  [So Jun 13 19:01:54 MESZ 2021]
INFORMATION: Apply  [So Jun 13 19:01:54 MESZ 2021]
INFORMATION: Apply  [So Jun 13 19:01:54 MESZ 2021]
INFORMATION: Apply  [So Jun 13 19:01:54 MESZ 2021]
INFORMATION: Apply  [So Jun 13 19:01:54 MESZ 2021]
INFORMATION: Apply  [So Jun 13 19:01:54 MESZ 2021]
INFORMATION: Apply  [So Jun 13 19:01:54 MESZ 2021]
INFORMATION: NPCs = 2ms PCs = 100ms [So Jun 13 19:01:54 MESZ 2021]
INFORMATION: 894. turn [So Jun 13 19:01:54 MESZ 2021]
INFORMATION: Apply  [So Jun 13 19:01:54 MESZ 2021]
INFORMATION: Apply Move [So Jun 13 19:01:54 MESZ 2021]
INFORMATION: 	getEntityAt XY [x=68, y=52] Entity [id=-1, type=, position=null, energy=0] [So Jun 13 19:01:54 MESZ 2021]
INFORMATION: 	move Entity [id=2, type=MasterSquirrelBot, position=XY [x=67, y=51], energy=6706] XY [x=68, y=52]  [So Jun 13 19:01:54 MESZ 2021]
INFORMATION: Apply  [So Jun 13 19:01:54 MESZ 2021]
INFORMATION: Apply  [So Jun 13 19:01:54 MESZ 2021]
INFORMATION: Apply  [So Jun 13 19:01:54 MESZ 2021]
INFORMATION: Apply  [So Jun 13 19:01:54 MESZ 2021]
INFORMATION: Apply Move [So Jun 13 19:01:54 MESZ 2021]
INFORMATION: 	getEntityAt XY [x=70, y=49] Entity [id=-1, type=, position=null, energy=0] [So Jun 13 19:01:54 MESZ 2021]
INFORMATION: 	move Entity [id=1167, type=BadBeast, position=XY [x=70, y=48], energy=-150] XY [x=70, y=49]  [So Jun 13 19:01:54 MESZ 2021]
INFORMATION: Apply  [So Jun 13 19:01:54 MESZ 2021]
INFORMATION: Apply  [So Jun 13 19:01:54 MESZ 2021]
INFORMATION: Apply  [So Jun 13 19:01:54 MESZ 2021]
INFORMATION: Apply  [So Jun 13 19:01:54 MESZ 2021]
INFORMATION: Apply  [So Jun 13 19:01:54 MESZ 2021]
INFORMATION: Apply  [So Jun 13 19:01:54 MESZ 2021]
INFORMATION: Apply  [So Jun 13 19:01:54 MESZ 2021]
INFORMATION: Apply  [So Jun 13 19:01:54 MESZ 2021]
INFORMATION: Apply  [So Jun 13 19:01:54 MESZ 2021]
INFORMATION: Apply  [So Jun 13 19:01:54 MESZ 2021]
INFORMATION: Apply  [So Jun 13 19:01:54 MESZ 2021]
INFORMATION: Apply  [So Jun 13 19:01:54 MESZ 2021]
INFORMATION: Apply  [So Jun 13 19:01:54 MESZ 2021]
INFORMATION: Apply  [So Jun 13 19:01:54 MESZ 2021]
INFORMATION: Apply  [So Jun 13 19:01:54 MESZ 2021]
INFORMATION: Apply  [So Jun 13 19:01:54 MESZ 2021]
INFORMATION: Apply  [So Jun 13 19:01:54 MESZ 2021]
INFORMATION: Apply  [So Jun 13 19:01:54 MESZ 2021]
INFORMATION: Apply  [So Jun 13 19:01:54 MESZ 2021]
INFORMATION: Apply  [So Jun 13 19:01:54 MESZ 2021]
INFORMATION: Apply  [So Jun 13 19:01:54 MESZ 2021]
INFORMATION: Apply  [So Jun 13 19:01:54 MESZ 2021]
INFORMATION: Apply  [So Jun 13 19:01:54 MESZ 2021]
INFORMATION: Apply  [So Jun 13 19:01:54 MESZ 2021]
INFORMATION: Apply  [So Jun 13 19:01:54 MESZ 2021]
INFORMATION: Apply  [So Jun 13 19:01:54 MESZ 2021]
INFORMATION: Apply  [So Jun 13 19:01:54 MESZ 2021]
INFORMATION: Apply  [So Jun 13 19:01:54 MESZ 2021]
INFORMATION: Apply  [So Jun 13 19:01:54 MESZ 2021]
INFORMATION: Apply  [So Jun 13 19:01:54 MESZ 2021]
INFORMATION: Apply  [So Jun 13 19:01:54 MESZ 2021]
INFORMATION: Apply  [So Jun 13 19:01:54 MESZ 2021]
INFORMATION: Apply  [So Jun 13 19:01:54 MESZ 2021]
INFORMATION: Apply  [So Jun 13 19:01:54 MESZ 2021]
INFORMATION: Apply  [So Jun 13 19:01:54 MESZ 2021]
INFORMATION: Apply  [So Jun 13 19:01:54 MESZ 2021]
INFORMATION: Apply  [So Jun 13 19:01:54 MESZ 2021]
INFORMATION: Apply  [So Jun 13 19:01:54 MESZ 2021]
INFORMATION: Apply  [So Jun 13 19:01:54 MESZ 2021]
INFORMATION: Apply  [So Jun 13 19:01:54 MESZ 2021]
INFORMATION: Apply  [So Jun 13 19:01:54 MESZ 2021]
INFORMATION: Apply  [So Jun 13 19:01:54 MESZ 2021]
INFORMATION: Apply  [So Jun 13 19:01:54 MESZ 2021]
INFORMATION: Apply  [So Jun 13 19:01:54 MESZ 2021]
INFORMATION: Apply Move [So Jun 13 19:01:54 MESZ 2021]
INFORMATION: 	getEntityAt XY [x=73, y=56] Entity [id=-1, type=, position=null, energy=0] [So Jun 13 19:01:54 MESZ 2021]
INFORMATION: 	move Entity [id=1274, type=GoodBeast, position=XY [x=72, y=55], energy=200] XY [x=73, y=56]  [So Jun 13 19:01:54 MESZ 2021]
INFORMATION: Apply  [So Jun 13 19:01:54 MESZ 2021]
INFORMATION: Apply  [So Jun 13 19:01:54 MESZ 2021]
INFORMATION: Apply  [So Jun 13 19:01:54 MESZ 2021]
INFORMATION: Apply  [So Jun 13 19:01:54 MESZ 2021]
INFORMATION: Apply  [So Jun 13 19:01:54 MESZ 2021]
INFORMATION: Apply  [So Jun 13 19:01:54 MESZ 2021]
INFORMATION: Apply  [So Jun 13 19:01:54 MESZ 2021]
INFORMATION: Apply  [So Jun 13 19:01:54 MESZ 2021]
INFORMATION: Apply  [So Jun 13 19:01:54 MESZ 2021]
INFORMATION: Apply  [So Jun 13 19:01:54 MESZ 2021]
INFORMATION: Apply  [So Jun 13 19:01:54 MESZ 2021]
INFORMATION: Apply  [So Jun 13 19:01:54 MESZ 2021]
INFORMATION: Apply  [So Jun 13 19:01:54 MESZ 2021]
INFORMATION: Apply  [So Jun 13 19:01:54 MESZ 2021]
INFORMATION: Apply  [So Jun 13 19:01:54 MESZ 2021]
INFORMATION: Apply  [So Jun 13 19:01:54 MESZ 2021]
INFORMATION: Apply  [So Jun 13 19:01:54 MESZ 2021]
INFORMATION: Apply  [So Jun 13 19:01:54 MESZ 2021]
INFORMATION: Apply  [So Jun 13 19:01:54 MESZ 2021]
INFORMATION: Apply  [So Jun 13 19:01:54 MESZ 2021]
INFORMATION: Apply  [So Jun 13 19:01:54 MESZ 2021]
INFORMATION: Apply  [So Jun 13 19:01:54 MESZ 2021]
INFORMATION: Apply  [So Jun 13 19:01:54 MESZ 2021]
INFORMATION: Apply  [So Jun 13 19:01:54 MESZ 2021]
INFORMATION: Apply  [So Jun 13 19:01:54 MESZ 2021]
INFORMATION: Apply  [So Jun 13 19:01:54 MESZ 2021]
INFORMATION: Apply  [So Jun 13 19:01:54 MESZ 2021]
INFORMATION: NPCs = 2ms PCs = 100ms [So Jun 13 19:01:54 MESZ 2021]
INFORMATION: 895. turn [So Jun 13 19:01:54 MESZ 2021]
INFORMATION: Apply  [So Jun 13 19:01:54 MESZ 2021]
INFORMATION: Apply Move [So Jun 13 19:01:54 MESZ 2021]
INFORMATION: 	getEntityAt XY [x=24, y=41] Entity [id=-1, type=, position=null, energy=0] [So Jun 13 19:01:54 MESZ 2021]
INFORMATION: 	move Entity [id=0, type=MasterSquirrelBot, position=XY [x=23, y=40], energy=0] XY [x=24, y=41]  [So Jun 13 19:01:54 MESZ 2021]
INFORMATION: Apply Move [So Jun 13 19:01:54 MESZ 2021]
INFORMATION: 	getEntityAt XY [x=24, y=17] Entity [id=-1, type=, position=null, energy=0] [So Jun 13 19:01:54 MESZ 2021]
INFORMATION: 	move Entity [id=1, type=MasterSquirrelBot, position=XY [x=25, y=17], energy=3929] XY [x=24, y=17]  [So Jun 13 19:01:54 MESZ 2021]
INFORMATION: Apply  [So Jun 13 19:01:54 MESZ 2021]
INFORMATION: Apply  [So Jun 13 19:01:54 MESZ 2021]
INFORMATION: Apply  [So Jun 13 19:01:54 MESZ 2021]
INFORMATION: Apply  [So Jun 13 19:01:54 MESZ 2021]
INFORMATION: Apply  [So Jun 13 19:01:54 MESZ 2021]
INFORMATION: Apply  [So Jun 13 19:01:54 MESZ 2021]
INFORMATION: Apply  [So Jun 13 19:01:54 MESZ 2021]
INFORMATION: Apply  [So Jun 13 19:01:54 MESZ 2021]
INFORMATION: Apply  [So Jun 13 19:01:54 MESZ 2021]
INFORMATION: Apply  [So Jun 13 19:01:54 MESZ 2021]
INFORMATION: Apply  [So Jun 13 19:01:54 MESZ 2021]
INFORMATION: Apply  [So Jun 13 19:01:54 MESZ 2021]
INFORMATION: Apply  [So Jun 13 19:01:54 MESZ 2021]
INFORMATION: Apply  [So Jun 13 19:01:54 MESZ 2021]
INFORMATION: Apply  [So Jun 13 19:01:54 MESZ 2021]
INFORMATION: Apply  [So Jun 13 19:01:54 MESZ 2021]
INFORMATION: Apply  [So Jun 13 19:01:54 MESZ 2021]
INFORMATION: Apply  [So Jun 13 19:01:54 MESZ 2021]
INFORMATION: Apply  [So Jun 13 19:01:54 MESZ 2021]
INFORMATION: Apply  [So Jun 13 19:01:54 MESZ 2021]
INFORMATION: Apply  [So Jun 13 19:01:54 MESZ 2021]
INFORMATION: Apply  [So Jun 13 19:01:54 MESZ 2021]
INFORMATION: Apply  [So Jun 13 19:01:54 MESZ 2021]
INFORMATION: Apply  [So Jun 13 19:01:54 MESZ 2021]
INFORMATION: Apply  [So Jun 13 19:01:54 MESZ 2021]
INFORMATION: Apply  [So Jun 13 19:01:54 MESZ 2021]
INFORMATION: Apply  [So Jun 13 19:01:54 MESZ 2021]
INFORMATION: Apply  [So Jun 13 19:01:54 MESZ 2021]
INFORMATION: Apply  [So Jun 13 19:01:54 MESZ 2021]
INFORMATION: Apply  [So Jun 13 19:01:54 MESZ 2021]
INFORMATION: Apply  [So Jun 13 19:01:54 MESZ 2021]
INFORMATION: Apply  [So Jun 13 19:01:54 MESZ 2021]
INFORMATION: Apply  [So Jun 13 19:01:54 MESZ 2021]
INFORMATION: Apply  [So Jun 13 19:01:54 MESZ 2021]
INFORMATION: Apply  [So Jun 13 19:01:54 MESZ 2021]
INFORMATION: Apply  [So Jun 13 19:01:54 MESZ 2021]
INFORMATION: Apply  [So Jun 13 19:01:54 MESZ 2021]
INFORMATION: Apply  [So Jun 13 19:01:54 MESZ 2021]
INFORMATION: Apply  [So Jun 13 19:01:54 MESZ 2021]
INFORMATION: Apply  [So Jun 13 19:01:54 MESZ 2021]
INFORMATION: Apply  [So Jun 13 19:01:54 MESZ 2021]
INFORMATION: Apply  [So Jun 13 19:01:54 MESZ 2021]
INFORMATION: Apply  [So Jun 13 19:01:54 MESZ 2021]
INFORMATION: Apply  [So Jun 13 19:01:54 MESZ 2021]
INFORMATION: Apply  [So Jun 13 19:01:54 MESZ 2021]
INFORMATION: Apply  [So Jun 13 19:01:54 MESZ 2021]
INFORMATION: Apply  [So Jun 13 19:01:54 MESZ 2021]
INFORMATION: Apply  [So Jun 13 19:01:54 MESZ 2021]
INFORMATION: Apply  [So Jun 13 19:01:54 MESZ 2021]
INFORMATION: Apply  [So Jun 13 19:01:54 MESZ 2021]
INFORMATION: Apply  [So Jun 13 19:01:54 MESZ 2021]
INFORMATION: Apply  [So Jun 13 19:01:54 MESZ 2021]
INFORMATION: Apply  [So Jun 13 19:01:54 MESZ 2021]
INFORMATION: Apply  [So Jun 13 19:01:54 MESZ 2021]
INFORMATION: Apply  [So Jun 13 19:01:54 MESZ 2021]
INFORMATION: Apply  [So Jun 13 19:01:54 MESZ 2021]
INFORMATION: Apply  [So Jun 13 19:01:54 MESZ 2021]
INFORMATION: Apply  [So Jun 13 19:01:54 MESZ 2021]
INFORMATION: Apply  [So Jun 13 19:01:54 MESZ 2021]
INFORMATION: Apply  [So Jun 13 19:01:54 MESZ 2021]
INFORMATION: Apply  [So Jun 13 19:01:54 MESZ 2021]
INFORMATION: Apply  [So Jun 13 19:01:54 MESZ 2021]
INFORMATION: Apply  [So Jun 13 19:01:54 MESZ 2021]
INFORMATION: Apply  [So Jun 13 19:01:54 MESZ 2021]
INFORMATION: Apply  [So Jun 13 19:01:54 MESZ 2021]
INFORMATION: Apply  [So Jun 13 19:01:54 MESZ 2021]
INFORMATION: Apply  [So Jun 13 19:01:54 MESZ 2021]
INFORMATION: Apply  [So Jun 13 19:01:54 MESZ 2021]
INFORMATION: Apply  [So Jun 13 19:01:54 MESZ 2021]
INFORMATION: Apply  [So Jun 13 19:01:54 MESZ 2021]
INFORMATION: Apply  [So Jun 13 19:01:54 MESZ 2021]
INFORMATION: Apply  [So Jun 13 19:01:54 MESZ 2021]
INFORMATION: Apply  [So Jun 13 19:01:54 MESZ 2021]
INFORMATION: Apply  [So Jun 13 19:01:54 MESZ 2021]
INFORMATION: Apply  [So Jun 13 19:01:54 MESZ 2021]
INFORMATION: Apply  [So Jun 13 19:01:54 MESZ 2021]
INFORMATION: NPCs = 2ms PCs = 99ms [So Jun 13 19:01:54 MESZ 2021]
INFORMATION: Apply Move [So Jun 13 19:01:54 MESZ 2021]
INFORMATION: 896. turn [So Jun 13 19:01:54 MESZ 2021]
INFORMATION: 	getEntityAt XY [x=19, y=17] Entity [id=-1, type=, position=null, energy=0] [So Jun 13 19:01:54 MESZ 2021]
INFORMATION: 	move Entity [id=1258, type=GoodBeast, position=XY [x=20, y=17], energy=200] XY [x=19, y=17]  [So Jun 13 19:01:54 MESZ 2021]
INFORMATION: Apply Move [So Jun 13 19:01:54 MESZ 2021]
INFORMATION: 	getEntityAt XY [x=69, y=53] Entity [id=1241, type=GoodBeast, position=XY [x=69, y=53], energy=200] [So Jun 13 19:01:54 MESZ 2021]
INFORMATION: Apply Collision [So Jun 13 19:01:54 MESZ 2021]
INFORMATION: 	Update energy of Entity [id=2, type=MasterSquirrelBot, position=XY [x=68, y=52], energy=6906] from 6706 to 6906 [So Jun 13 19:01:54 MESZ 2021]
INFORMATION: Apply KillOrRespawn [So Jun 13 19:01:54 MESZ 2021]
INFORMATION: 	Update energy of Entity [id=1241, type=GoodBeast, position=XY [x=69, y=53], energy=0] from 200 to 0 [So Jun 13 19:01:54 MESZ 2021]
INFORMATION: 	respawn Entity [id=1241, type=GoodBeast, position=XY [x=69, y=53], energy=200] Entity [id=1241, type=GoodBeast, position=XY [x=18, y=40], energy=200] [So Jun 13 19:01:54 MESZ 2021]
INFORMATION: 	move Entity [id=2, type=MasterSquirrelBot, position=XY [x=68, y=52], energy=6906] XY [x=69, y=53]  [So Jun 13 19:01:54 MESZ 2021]
INFORMATION: Apply  [So Jun 13 19:01:54 MESZ 2021]
INFORMATION: Apply  [So Jun 13 19:01:54 MESZ 2021]
INFORMATION: Apply  [So Jun 13 19:01:54 MESZ 2021]
INFORMATION: Apply  [So Jun 13 19:01:54 MESZ 2021]
INFORMATION: Apply  [So Jun 13 19:01:54 MESZ 2021]
INFORMATION: Apply  [So Jun 13 19:01:54 MESZ 2021]
INFORMATION: Apply  [So Jun 13 19:01:54 MESZ 2021]
INFORMATION: Apply  [So Jun 13 19:01:54 MESZ 2021]
INFORMATION: Apply  [So Jun 13 19:01:54 MESZ 2021]
INFORMATION: Apply  [So Jun 13 19:01:54 MESZ 2021]
INFORMATION: Apply  [So Jun 13 19:01:54 MESZ 2021]
INFORMATION: Apply  [So Jun 13 19:01:54 MESZ 2021]
INFORMATION: Apply  [So Jun 13 19:01:54 MESZ 2021]
INFORMATION: Apply  [So Jun 13 19:01:54 MESZ 2021]
INFORMATION: Apply  [So Jun 13 19:01:54 MESZ 2021]
INFORMATION: Apply  [So Jun 13 19:01:54 MESZ 2021]
INFORMATION: Apply  [So Jun 13 19:01:54 MESZ 2021]
INFORMATION: Apply  [So Jun 13 19:01:54 MESZ 2021]
INFORMATION: Apply  [So Jun 13 19:01:54 MESZ 2021]
INFORMATION: Apply  [So Jun 13 19:01:54 MESZ 2021]
INFORMATION: Apply  [So Jun 13 19:01:54 MESZ 2021]
INFORMATION: Apply  [So Jun 13 19:01:54 MESZ 2021]
INFORMATION: Apply  [So Jun 13 19:01:54 MESZ 2021]
INFORMATION: Apply  [So Jun 13 19:01:54 MESZ 2021]
INFORMATION: Apply  [So Jun 13 19:01:54 MESZ 2021]
INFORMATION: Apply  [So Jun 13 19:01:54 MESZ 2021]
INFORMATION: Apply  [So Jun 13 19:01:54 MESZ 2021]
INFORMATION: Apply  [So Jun 13 19:01:54 MESZ 2021]
INFORMATION: Apply  [So Jun 13 19:01:54 MESZ 2021]
INFORMATION: Apply  [So Jun 13 19:01:54 MESZ 2021]
INFORMATION: Apply  [So Jun 13 19:01:54 MESZ 2021]
INFORMATION: Apply  [So Jun 13 19:01:54 MESZ 2021]
INFORMATION: Apply  [So Jun 13 19:01:54 MESZ 2021]
INFORMATION: Apply  [So Jun 13 19:01:54 MESZ 2021]
INFORMATION: Apply  [So Jun 13 19:01:54 MESZ 2021]
INFORMATION: Apply  [So Jun 13 19:01:54 MESZ 2021]
INFORMATION: Apply  [So Jun 13 19:01:54 MESZ 2021]
INFORMATION: Apply  [So Jun 13 19:01:54 MESZ 2021]
INFORMATION: Apply  [So Jun 13 19:01:54 MESZ 2021]
INFORMATION: Apply  [So Jun 13 19:01:54 MESZ 2021]
INFORMATION: Apply  [So Jun 13 19:01:54 MESZ 2021]
INFORMATION: Apply  [So Jun 13 19:01:54 MESZ 2021]
INFORMATION: Apply  [So Jun 13 19:01:54 MESZ 2021]
INFORMATION: Apply  [So Jun 13 19:01:54 MESZ 2021]
INFORMATION: Apply  [So Jun 13 19:01:54 MESZ 2021]
INFORMATION: Apply  [So Jun 13 19:01:54 MESZ 2021]
INFORMATION: Apply  [So Jun 13 19:01:54 MESZ 2021]
INFORMATION: Apply  [So Jun 13 19:01:54 MESZ 2021]
INFORMATION: Apply  [So Jun 13 19:01:54 MESZ 2021]
INFORMATION: Apply  [So Jun 13 19:01:54 MESZ 2021]
INFORMATION: Apply  [So Jun 13 19:01:54 MESZ 2021]
INFORMATION: Apply  [So Jun 13 19:01:54 MESZ 2021]
INFORMATION: Apply  [So Jun 13 19:01:54 MESZ 2021]
INFORMATION: Apply  [So Jun 13 19:01:54 MESZ 2021]
INFORMATION: Apply  [So Jun 13 19:01:54 MESZ 2021]
INFORMATION: Apply  [So Jun 13 19:01:54 MESZ 2021]
INFORMATION: Apply  [So Jun 13 19:01:54 MESZ 2021]
INFORMATION: Apply  [So Jun 13 19:01:54 MESZ 2021]
INFORMATION: Apply  [So Jun 13 19:01:54 MESZ 2021]
INFORMATION: Apply  [So Jun 13 19:01:54 MESZ 2021]
INFORMATION: Apply  [So Jun 13 19:01:54 MESZ 2021]
INFORMATION: Apply  [So Jun 13 19:01:54 MESZ 2021]
INFORMATION: Apply  [So Jun 13 19:01:54 MESZ 2021]
INFORMATION: Apply  [So Jun 13 19:01:54 MESZ 2021]
INFORMATION: Apply  [So Jun 13 19:01:54 MESZ 2021]
INFORMATION: Apply  [So Jun 13 19:01:54 MESZ 2021]
INFORMATION: Apply  [So Jun 13 19:01:54 MESZ 2021]
INFORMATION: Apply  [So Jun 13 19:01:54 MESZ 2021]
INFORMATION: Apply  [So Jun 13 19:01:54 MESZ 2021]
INFORMATION: Apply  [So Jun 13 19:01:54 MESZ 2021]
INFORMATION: Apply  [So Jun 13 19:01:54 MESZ 2021]
INFORMATION: Apply  [So Jun 13 19:01:54 MESZ 2021]
INFORMATION: Apply  [So Jun 13 19:01:54 MESZ 2021]
INFORMATION: Apply  [So Jun 13 19:01:54 MESZ 2021]
INFORMATION: NPCs = 2ms PCs = 100ms [So Jun 13 19:01:54 MESZ 2021]
INFORMATION: Apply  [So Jun 13 19:01:54 MESZ 2021]
INFORMATION: Apply  [So Jun 13 19:01:54 MESZ 2021]
INFORMATION: 897. turn [So Jun 13 19:01:54 MESZ 2021]
INFORMATION: Apply Move [So Jun 13 19:01:54 MESZ 2021]
INFORMATION: 	getEntityAt XY [x=23, y=41] Entity [id=-1, type=, position=null, energy=0] [So Jun 13 19:01:54 MESZ 2021]
INFORMATION: 	move Entity [id=0, type=MasterSquirrelBot, position=XY [x=24, y=41], energy=0] XY [x=23, y=41]  [So Jun 13 19:01:54 MESZ 2021]
INFORMATION: Apply Move [So Jun 13 19:01:54 MESZ 2021]
INFORMATION: 	getEntityAt XY [x=23, y=16] Entity [id=-1, type=, position=null, energy=0] [So Jun 13 19:01:54 MESZ 2021]
INFORMATION: 	move Entity [id=1, type=MasterSquirrelBot, position=XY [x=24, y=17], energy=3929] XY [x=23, y=16]  [So Jun 13 19:01:54 MESZ 2021]
INFORMATION: Apply  [So Jun 13 19:01:54 MESZ 2021]
INFORMATION: Apply  [So Jun 13 19:01:54 MESZ 2021]
INFORMATION: Apply  [So Jun 13 19:01:54 MESZ 2021]
INFORMATION: Apply  [So Jun 13 19:01:54 MESZ 2021]
INFORMATION: Apply  [So Jun 13 19:01:54 MESZ 2021]
INFORMATION: Apply  [So Jun 13 19:01:54 MESZ 2021]
INFORMATION: Apply  [So Jun 13 19:01:54 MESZ 2021]
INFORMATION: Apply  [So Jun 13 19:01:54 MESZ 2021]
INFORMATION: Apply  [So Jun 13 19:01:54 MESZ 2021]
INFORMATION: Apply  [So Jun 13 19:01:54 MESZ 2021]
INFORMATION: Apply  [So Jun 13 19:01:54 MESZ 2021]
INFORMATION: Apply  [So Jun 13 19:01:54 MESZ 2021]
INFORMATION: Apply  [So Jun 13 19:01:54 MESZ 2021]
INFORMATION: Apply  [So Jun 13 19:01:54 MESZ 2021]
INFORMATION: Apply  [So Jun 13 19:01:54 MESZ 2021]
INFORMATION: Apply  [So Jun 13 19:01:54 MESZ 2021]
INFORMATION: Apply  [So Jun 13 19:01:54 MESZ 2021]
INFORMATION: Apply  [So Jun 13 19:01:54 MESZ 2021]
INFORMATION: Apply  [So Jun 13 19:01:54 MESZ 2021]
INFORMATION: Apply  [So Jun 13 19:01:54 MESZ 2021]
INFORMATION: Apply  [So Jun 13 19:01:54 MESZ 2021]
INFORMATION: Apply  [So Jun 13 19:01:54 MESZ 2021]
INFORMATION: Apply  [So Jun 13 19:01:54 MESZ 2021]
INFORMATION: Apply  [So Jun 13 19:01:54 MESZ 2021]
INFORMATION: Apply  [So Jun 13 19:01:54 MESZ 2021]
INFORMATION: Apply  [So Jun 13 19:01:54 MESZ 2021]
INFORMATION: Apply  [So Jun 13 19:01:54 MESZ 2021]
INFORMATION: Apply  [So Jun 13 19:01:54 MESZ 2021]
INFORMATION: Apply  [So Jun 13 19:01:54 MESZ 2021]
INFORMATION: Apply  [So Jun 13 19:01:54 MESZ 2021]
INFORMATION: Apply  [So Jun 13 19:01:54 MESZ 2021]
INFORMATION: Apply  [So Jun 13 19:01:54 MESZ 2021]
INFORMATION: Apply  [So Jun 13 19:01:54 MESZ 2021]
INFORMATION: Apply  [So Jun 13 19:01:54 MESZ 2021]
INFORMATION: Apply  [So Jun 13 19:01:54 MESZ 2021]
INFORMATION: Apply  [So Jun 13 19:01:54 MESZ 2021]
INFORMATION: Apply  [So Jun 13 19:01:54 MESZ 2021]
INFORMATION: Apply  [So Jun 13 19:01:54 MESZ 2021]
INFORMATION: Apply  [So Jun 13 19:01:54 MESZ 2021]
INFORMATION: Apply  [So Jun 13 19:01:54 MESZ 2021]
INFORMATION: Apply  [So Jun 13 19:01:54 MESZ 2021]
INFORMATION: Apply  [So Jun 13 19:01:54 MESZ 2021]
INFORMATION: Apply  [So Jun 13 19:01:54 MESZ 2021]
INFORMATION: Apply  [So Jun 13 19:01:54 MESZ 2021]
INFORMATION: Apply  [So Jun 13 19:01:54 MESZ 2021]
INFORMATION: Apply  [So Jun 13 19:01:54 MESZ 2021]
INFORMATION: Apply  [So Jun 13 19:01:54 MESZ 2021]
INFORMATION: Apply  [So Jun 13 19:01:54 MESZ 2021]
INFORMATION: Apply  [So Jun 13 19:01:54 MESZ 2021]
INFORMATION: Apply  [So Jun 13 19:01:54 MESZ 2021]
INFORMATION: Apply  [So Jun 13 19:01:54 MESZ 2021]
INFORMATION: Apply  [So Jun 13 19:01:54 MESZ 2021]
INFORMATION: Apply  [So Jun 13 19:01:54 MESZ 2021]
INFORMATION: Apply  [So Jun 13 19:01:54 MESZ 2021]
INFORMATION: Apply  [So Jun 13 19:01:54 MESZ 2021]
INFORMATION: Apply  [So Jun 13 19:01:54 MESZ 2021]
INFORMATION: Apply  [So Jun 13 19:01:54 MESZ 2021]
INFORMATION: Apply  [So Jun 13 19:01:54 MESZ 2021]
INFORMATION: Apply  [So Jun 13 19:01:54 MESZ 2021]
INFORMATION: Apply  [So Jun 13 19:01:54 MESZ 2021]
INFORMATION: Apply  [So Jun 13 19:01:54 MESZ 2021]
INFORMATION: Apply  [So Jun 13 19:01:54 MESZ 2021]
INFORMATION: Apply  [So Jun 13 19:01:54 MESZ 2021]
INFORMATION: Apply  [So Jun 13 19:01:54 MESZ 2021]
INFORMATION: Apply  [So Jun 13 19:01:54 MESZ 2021]
INFORMATION: Apply  [So Jun 13 19:01:54 MESZ 2021]
INFORMATION: Apply  [So Jun 13 19:01:54 MESZ 2021]
INFORMATION: Apply  [So Jun 13 19:01:54 MESZ 2021]
INFORMATION: Apply  [So Jun 13 19:01:54 MESZ 2021]
INFORMATION: Apply  [So Jun 13 19:01:54 MESZ 2021]
INFORMATION: Apply  [So Jun 13 19:01:54 MESZ 2021]
INFORMATION: Apply  [So Jun 13 19:01:54 MESZ 2021]
INFORMATION: Apply  [So Jun 13 19:01:54 MESZ 2021]
INFORMATION: Apply  [So Jun 13 19:01:54 MESZ 2021]
INFORMATION: Apply  [So Jun 13 19:01:54 MESZ 2021]
INFORMATION: Apply  [So Jun 13 19:01:54 MESZ 2021]
INFORMATION: NPCs = 2ms PCs = 100ms [So Jun 13 19:01:54 MESZ 2021]
INFORMATION: Apply Move [So Jun 13 19:01:54 MESZ 2021]
INFORMATION: 898. turn [So Jun 13 19:01:54 MESZ 2021]
INFORMATION: 	getEntityAt XY [x=17, y=40] Entity [id=-1, type=, position=null, energy=0] [So Jun 13 19:01:54 MESZ 2021]
INFORMATION: 	move Entity [id=1241, type=GoodBeast, position=XY [x=18, y=40], energy=200] XY [x=17, y=40]  [So Jun 13 19:01:54 MESZ 2021]
INFORMATION: Apply Move [So Jun 13 19:01:54 MESZ 2021]
INFORMATION: 	getEntityAt XY [x=70, y=53] Entity [id=-1, type=, position=null, energy=0] [So Jun 13 19:01:54 MESZ 2021]
INFORMATION: 	move Entity [id=2, type=MasterSquirrelBot, position=XY [x=69, y=53], energy=6906] XY [x=70, y=53]  [So Jun 13 19:01:54 MESZ 2021]
INFORMATION: Apply  [So Jun 13 19:01:54 MESZ 2021]
INFORMATION: Apply  [So Jun 13 19:01:54 MESZ 2021]
INFORMATION: Apply  [So Jun 13 19:01:54 MESZ 2021]
INFORMATION: Apply  [So Jun 13 19:01:54 MESZ 2021]
INFORMATION: Apply Move [So Jun 13 19:01:54 MESZ 2021]
INFORMATION: 	getEntityAt XY [x=70, y=50] Entity [id=-1, type=, position=null, energy=0] [So Jun 13 19:01:54 MESZ 2021]
INFORMATION: 	move Entity [id=1167, type=BadBeast, position=XY [x=70, y=49], energy=-150] XY [x=70, y=50]  [So Jun 13 19:01:54 MESZ 2021]
INFORMATION: Apply  [So Jun 13 19:01:54 MESZ 2021]
INFORMATION: Apply  [So Jun 13 19:01:54 MESZ 2021]
INFORMATION: Apply  [So Jun 13 19:01:54 MESZ 2021]
INFORMATION: Apply  [So Jun 13 19:01:54 MESZ 2021]
INFORMATION: Apply  [So Jun 13 19:01:54 MESZ 2021]
INFORMATION: Apply  [So Jun 13 19:01:54 MESZ 2021]
INFORMATION: Apply  [So Jun 13 19:01:54 MESZ 2021]
INFORMATION: Apply  [So Jun 13 19:01:54 MESZ 2021]
INFORMATION: Apply  [So Jun 13 19:01:54 MESZ 2021]
INFORMATION: Apply  [So Jun 13 19:01:54 MESZ 2021]
INFORMATION: Apply  [So Jun 13 19:01:54 MESZ 2021]
INFORMATION: Apply  [So Jun 13 19:01:54 MESZ 2021]
INFORMATION: Apply  [So Jun 13 19:01:54 MESZ 2021]
INFORMATION: Apply  [So Jun 13 19:01:54 MESZ 2021]
INFORMATION: Apply  [So Jun 13 19:01:54 MESZ 2021]
INFORMATION: Apply  [So Jun 13 19:01:54 MESZ 2021]
INFORMATION: Apply  [So Jun 13 19:01:54 MESZ 2021]
INFORMATION: Apply  [So Jun 13 19:01:54 MESZ 2021]
INFORMATION: Apply  [So Jun 13 19:01:54 MESZ 2021]
INFORMATION: Apply  [So Jun 13 19:01:54 MESZ 2021]
INFORMATION: Apply  [So Jun 13 19:01:54 MESZ 2021]
INFORMATION: Apply  [So Jun 13 19:01:54 MESZ 2021]
INFORMATION: Apply  [So Jun 13 19:01:54 MESZ 2021]
INFORMATION: Apply  [So Jun 13 19:01:54 MESZ 2021]
INFORMATION: Apply  [So Jun 13 19:01:54 MESZ 2021]
INFORMATION: Apply  [So Jun 13 19:01:54 MESZ 2021]
INFORMATION: Apply  [So Jun 13 19:01:54 MESZ 2021]
INFORMATION: Apply  [So Jun 13 19:01:54 MESZ 2021]
INFORMATION: Apply  [So Jun 13 19:01:54 MESZ 2021]
INFORMATION: Apply  [So Jun 13 19:01:54 MESZ 2021]
INFORMATION: Apply  [So Jun 13 19:01:54 MESZ 2021]
INFORMATION: Apply  [So Jun 13 19:01:54 MESZ 2021]
INFORMATION: Apply  [So Jun 13 19:01:54 MESZ 2021]
INFORMATION: Apply  [So Jun 13 19:01:54 MESZ 2021]
INFORMATION: Apply  [So Jun 13 19:01:54 MESZ 2021]
INFORMATION: Apply  [So Jun 13 19:01:54 MESZ 2021]
INFORMATION: Apply  [So Jun 13 19:01:54 MESZ 2021]
INFORMATION: Apply  [So Jun 13 19:01:54 MESZ 2021]
INFORMATION: Apply  [So Jun 13 19:01:54 MESZ 2021]
INFORMATION: Apply  [So Jun 13 19:01:54 MESZ 2021]
INFORMATION: Apply  [So Jun 13 19:01:54 MESZ 2021]
INFORMATION: Apply  [So Jun 13 19:01:54 MESZ 2021]
INFORMATION: Apply  [So Jun 13 19:01:54 MESZ 2021]
INFORMATION: Apply  [So Jun 13 19:01:54 MESZ 2021]
INFORMATION: Apply Move [So Jun 13 19:01:54 MESZ 2021]
INFORMATION: 	getEntityAt XY [x=74, y=57] Entity [id=-1, type=, position=null, energy=0] [So Jun 13 19:01:54 MESZ 2021]
INFORMATION: 	move Entity [id=1274, type=GoodBeast, position=XY [x=73, y=56], energy=200] XY [x=74, y=57]  [So Jun 13 19:01:54 MESZ 2021]
INFORMATION: Apply  [So Jun 13 19:01:54 MESZ 2021]
INFORMATION: Apply  [So Jun 13 19:01:54 MESZ 2021]
INFORMATION: Apply  [So Jun 13 19:01:54 MESZ 2021]
INFORMATION: Apply  [So Jun 13 19:01:54 MESZ 2021]
INFORMATION: Apply  [So Jun 13 19:01:54 MESZ 2021]
INFORMATION: Apply  [So Jun 13 19:01:54 MESZ 2021]
INFORMATION: Apply  [So Jun 13 19:01:54 MESZ 2021]
INFORMATION: Apply  [So Jun 13 19:01:54 MESZ 2021]
INFORMATION: Apply  [So Jun 13 19:01:54 MESZ 2021]
INFORMATION: Apply  [So Jun 13 19:01:54 MESZ 2021]
INFORMATION: Apply  [So Jun 13 19:01:54 MESZ 2021]
INFORMATION: Apply  [So Jun 13 19:01:54 MESZ 2021]
INFORMATION: Apply  [So Jun 13 19:01:54 MESZ 2021]
INFORMATION: Apply  [So Jun 13 19:01:54 MESZ 2021]
INFORMATION: Apply  [So Jun 13 19:01:54 MESZ 2021]
INFORMATION: Apply Move [So Jun 13 19:01:54 MESZ 2021]
INFORMATION: 	getEntityAt XY [x=74, y=55] Entity [id=-1, type=, position=null, energy=0] [So Jun 13 19:01:54 MESZ 2021]
INFORMATION: 	move Entity [id=1185, type=BadBeast, position=XY [x=75, y=56], energy=-150] XY [x=74, y=55]  [So Jun 13 19:01:54 MESZ 2021]
INFORMATION: Apply  [So Jun 13 19:01:54 MESZ 2021]
INFORMATION: Apply  [So Jun 13 19:01:54 MESZ 2021]
INFORMATION: Apply  [So Jun 13 19:01:54 MESZ 2021]
INFORMATION: Apply  [So Jun 13 19:01:54 MESZ 2021]
INFORMATION: Apply  [So Jun 13 19:01:54 MESZ 2021]
INFORMATION: Apply  [So Jun 13 19:01:54 MESZ 2021]
INFORMATION: Apply  [So Jun 13 19:01:54 MESZ 2021]
INFORMATION: Apply  [So Jun 13 19:01:54 MESZ 2021]
INFORMATION: Apply  [So Jun 13 19:01:54 MESZ 2021]
INFORMATION: Apply  [So Jun 13 19:01:54 MESZ 2021]
INFORMATION: Apply  [So Jun 13 19:01:54 MESZ 2021]
INFORMATION: Apply  [So Jun 13 19:01:54 MESZ 2021]
INFORMATION: NPCs = 2ms PCs = 99ms [So Jun 13 19:01:54 MESZ 2021]
INFORMATION: 899. turn [So Jun 13 19:01:54 MESZ 2021]
INFORMATION: Apply Move [So Jun 13 19:01:54 MESZ 2021]
INFORMATION: 	getEntityAt XY [x=22, y=40] Entity [id=-1, type=, position=null, energy=0] [So Jun 13 19:01:54 MESZ 2021]
INFORMATION: 	move Entity [id=0, type=MasterSquirrelBot, position=XY [x=23, y=41], energy=0] XY [x=22, y=40]  [So Jun 13 19:01:54 MESZ 2021]
INFORMATION: Apply Move [So Jun 13 19:01:54 MESZ 2021]
INFORMATION: 	getEntityAt XY [x=22, y=15] Entity [id=-1, type=, position=null, energy=0] [So Jun 13 19:01:54 MESZ 2021]
INFORMATION: 	move Entity [id=1, type=MasterSquirrelBot, position=XY [x=23, y=16], energy=3929] XY [x=22, y=15]  [So Jun 13 19:01:54 MESZ 2021]
INFORMATION: Apply  [So Jun 13 19:01:55 MESZ 2021]
INFORMATION: Apply  [So Jun 13 19:01:55 MESZ 2021]
INFORMATION: Apply  [So Jun 13 19:01:55 MESZ 2021]
INFORMATION: Apply  [So Jun 13 19:01:55 MESZ 2021]
INFORMATION: Apply  [So Jun 13 19:01:55 MESZ 2021]
INFORMATION: Apply  [So Jun 13 19:01:55 MESZ 2021]
INFORMATION: Apply  [So Jun 13 19:01:55 MESZ 2021]
INFORMATION: Apply  [So Jun 13 19:01:55 MESZ 2021]
INFORMATION: Apply  [So Jun 13 19:01:55 MESZ 2021]
INFORMATION: Apply  [So Jun 13 19:01:55 MESZ 2021]
INFORMATION: Apply  [So Jun 13 19:01:55 MESZ 2021]
INFORMATION: Apply  [So Jun 13 19:01:55 MESZ 2021]
INFORMATION: Apply  [So Jun 13 19:01:55 MESZ 2021]
INFORMATION: Apply  [So Jun 13 19:01:55 MESZ 2021]
INFORMATION: Apply  [So Jun 13 19:01:55 MESZ 2021]
INFORMATION: Apply  [So Jun 13 19:01:55 MESZ 2021]
INFORMATION: Apply  [So Jun 13 19:01:55 MESZ 2021]
INFORMATION: Apply  [So Jun 13 19:01:55 MESZ 2021]
INFORMATION: Apply  [So Jun 13 19:01:55 MESZ 2021]
INFORMATION: Apply  [So Jun 13 19:01:55 MESZ 2021]
INFORMATION: Apply  [So Jun 13 19:01:55 MESZ 2021]
INFORMATION: Apply  [So Jun 13 19:01:55 MESZ 2021]
INFORMATION: Apply  [So Jun 13 19:01:55 MESZ 2021]
INFORMATION: Apply  [So Jun 13 19:01:55 MESZ 2021]
INFORMATION: Apply  [So Jun 13 19:01:55 MESZ 2021]
INFORMATION: Apply  [So Jun 13 19:01:55 MESZ 2021]
INFORMATION: Apply  [So Jun 13 19:01:55 MESZ 2021]
INFORMATION: Apply  [So Jun 13 19:01:55 MESZ 2021]
INFORMATION: Apply  [So Jun 13 19:01:55 MESZ 2021]
INFORMATION: Apply  [So Jun 13 19:01:55 MESZ 2021]
INFORMATION: Apply  [So Jun 13 19:01:55 MESZ 2021]
INFORMATION: Apply  [So Jun 13 19:01:55 MESZ 2021]
INFORMATION: Apply  [So Jun 13 19:01:55 MESZ 2021]
INFORMATION: Apply  [So Jun 13 19:01:55 MESZ 2021]
INFORMATION: Apply  [So Jun 13 19:01:55 MESZ 2021]
INFORMATION: Apply  [So Jun 13 19:01:55 MESZ 2021]
INFORMATION: Apply  [So Jun 13 19:01:55 MESZ 2021]
INFORMATION: Apply  [So Jun 13 19:01:55 MESZ 2021]
INFORMATION: Apply  [So Jun 13 19:01:55 MESZ 2021]
INFORMATION: Apply  [So Jun 13 19:01:55 MESZ 2021]
INFORMATION: Apply  [So Jun 13 19:01:55 MESZ 2021]
INFORMATION: Apply  [So Jun 13 19:01:55 MESZ 2021]
INFORMATION: Apply  [So Jun 13 19:01:55 MESZ 2021]
INFORMATION: Apply  [So Jun 13 19:01:55 MESZ 2021]
INFORMATION: Apply  [So Jun 13 19:01:55 MESZ 2021]
INFORMATION: Apply  [So Jun 13 19:01:55 MESZ 2021]
INFORMATION: Apply  [So Jun 13 19:01:55 MESZ 2021]
INFORMATION: Apply  [So Jun 13 19:01:55 MESZ 2021]
INFORMATION: Apply  [So Jun 13 19:01:55 MESZ 2021]
INFORMATION: Apply  [So Jun 13 19:01:55 MESZ 2021]
INFORMATION: Apply  [So Jun 13 19:01:55 MESZ 2021]
INFORMATION: Apply  [So Jun 13 19:01:55 MESZ 2021]
INFORMATION: Apply  [So Jun 13 19:01:55 MESZ 2021]
INFORMATION: Apply  [So Jun 13 19:01:55 MESZ 2021]
INFORMATION: Apply  [So Jun 13 19:01:55 MESZ 2021]
INFORMATION: Apply  [So Jun 13 19:01:55 MESZ 2021]
INFORMATION: Apply  [So Jun 13 19:01:55 MESZ 2021]
INFORMATION: Apply  [So Jun 13 19:01:55 MESZ 2021]
INFORMATION: Apply  [So Jun 13 19:01:55 MESZ 2021]
INFORMATION: Apply  [So Jun 13 19:01:55 MESZ 2021]
INFORMATION: Apply  [So Jun 13 19:01:55 MESZ 2021]
INFORMATION: Apply  [So Jun 13 19:01:55 MESZ 2021]
INFORMATION: Apply  [So Jun 13 19:01:55 MESZ 2021]
INFORMATION: Apply  [So Jun 13 19:01:55 MESZ 2021]
INFORMATION: Apply  [So Jun 13 19:01:55 MESZ 2021]
INFORMATION: Apply  [So Jun 13 19:01:55 MESZ 2021]
INFORMATION: Apply  [So Jun 13 19:01:55 MESZ 2021]
INFORMATION: Apply  [So Jun 13 19:01:55 MESZ 2021]
INFORMATION: Apply  [So Jun 13 19:01:55 MESZ 2021]
INFORMATION: Apply  [So Jun 13 19:01:55 MESZ 2021]
INFORMATION: Apply  [So Jun 13 19:01:55 MESZ 2021]
INFORMATION: Apply  [So Jun 13 19:01:55 MESZ 2021]
INFORMATION: Apply  [So Jun 13 19:01:55 MESZ 2021]
INFORMATION: Apply  [So Jun 13 19:01:55 MESZ 2021]
INFORMATION: Apply  [So Jun 13 19:01:55 MESZ 2021]
INFORMATION: Apply Move [So Jun 13 19:01:55 MESZ 2021]
INFORMATION: 	getEntityAt XY [x=18, y=18] Entity [id=300, type=Wall, position=XY [x=18, y=18], energy=-10] [So Jun 13 19:01:55 MESZ 2021]
INFORMATION: Apply Collision [So Jun 13 19:01:55 MESZ 2021]
INFORMATION: NPCs = 2ms PCs = 99ms [So Jun 13 19:01:55 MESZ 2021]
INFORMATION: 900. turn [So Jun 13 19:01:55 MESZ 2021]
INFORMATION: Apply Move [So Jun 13 19:01:55 MESZ 2021]
INFORMATION: 	getEntityAt XY [x=71, y=54] Entity [id=-1, type=, position=null, energy=0] [So Jun 13 19:01:55 MESZ 2021]
INFORMATION: 	move Entity [id=2, type=MasterSquirrelBot, position=XY [x=70, y=53], energy=6906] XY [x=71, y=54]  [So Jun 13 19:01:55 MESZ 2021]
INFORMATION: Apply  [So Jun 13 19:01:55 MESZ 2021]
INFORMATION: Apply  [So Jun 13 19:01:55 MESZ 2021]
INFORMATION: Apply  [So Jun 13 19:01:55 MESZ 2021]
INFORMATION: Apply  [So Jun 13 19:01:55 MESZ 2021]
INFORMATION: Apply  [So Jun 13 19:01:55 MESZ 2021]
INFORMATION: Apply  [So Jun 13 19:01:55 MESZ 2021]
INFORMATION: Apply  [So Jun 13 19:01:55 MESZ 2021]
INFORMATION: Apply  [So Jun 13 19:01:55 MESZ 2021]
INFORMATION: Apply  [So Jun 13 19:01:55 MESZ 2021]
INFORMATION: Apply  [So Jun 13 19:01:55 MESZ 2021]
INFORMATION: Apply  [So Jun 13 19:01:55 MESZ 2021]
INFORMATION: Apply  [So Jun 13 19:01:55 MESZ 2021]
INFORMATION: Apply  [So Jun 13 19:01:55 MESZ 2021]
INFORMATION: Apply  [So Jun 13 19:01:55 MESZ 2021]
INFORMATION: Apply  [So Jun 13 19:01:55 MESZ 2021]
INFORMATION: Apply  [So Jun 13 19:01:55 MESZ 2021]
INFORMATION: Apply  [So Jun 13 19:01:55 MESZ 2021]
INFORMATION: Apply  [So Jun 13 19:01:55 MESZ 2021]
INFORMATION: Apply  [So Jun 13 19:01:55 MESZ 2021]
INFORMATION: Apply  [So Jun 13 19:01:55 MESZ 2021]
INFORMATION: Apply  [So Jun 13 19:01:55 MESZ 2021]
INFORMATION: Apply  [So Jun 13 19:01:55 MESZ 2021]
INFORMATION: Apply  [So Jun 13 19:01:55 MESZ 2021]
INFORMATION: Apply  [So Jun 13 19:01:55 MESZ 2021]
INFORMATION: Apply  [So Jun 13 19:01:55 MESZ 2021]
INFORMATION: Apply  [So Jun 13 19:01:55 MESZ 2021]
INFORMATION: Apply  [So Jun 13 19:01:55 MESZ 2021]
INFORMATION: Apply  [So Jun 13 19:01:55 MESZ 2021]
INFORMATION: Apply  [So Jun 13 19:01:55 MESZ 2021]
INFORMATION: Apply  [So Jun 13 19:01:55 MESZ 2021]
INFORMATION: Apply  [So Jun 13 19:01:55 MESZ 2021]
INFORMATION: Apply  [So Jun 13 19:01:55 MESZ 2021]
INFORMATION: Apply  [So Jun 13 19:01:55 MESZ 2021]
INFORMATION: Apply  [So Jun 13 19:01:55 MESZ 2021]
INFORMATION: Apply  [So Jun 13 19:01:55 MESZ 2021]
INFORMATION: Apply  [So Jun 13 19:01:55 MESZ 2021]
INFORMATION: Apply  [So Jun 13 19:01:55 MESZ 2021]
INFORMATION: Apply  [So Jun 13 19:01:55 MESZ 2021]
INFORMATION: Apply  [So Jun 13 19:01:55 MESZ 2021]
INFORMATION: Apply  [So Jun 13 19:01:55 MESZ 2021]
INFORMATION: Apply  [So Jun 13 19:01:55 MESZ 2021]
INFORMATION: Apply  [So Jun 13 19:01:55 MESZ 2021]
INFORMATION: Apply  [So Jun 13 19:01:55 MESZ 2021]
INFORMATION: Apply  [So Jun 13 19:01:55 MESZ 2021]
INFORMATION: Apply  [So Jun 13 19:01:55 MESZ 2021]
INFORMATION: Apply  [So Jun 13 19:01:55 MESZ 2021]
INFORMATION: Apply  [So Jun 13 19:01:55 MESZ 2021]
INFORMATION: Apply  [So Jun 13 19:01:55 MESZ 2021]
INFORMATION: Apply  [So Jun 13 19:01:55 MESZ 2021]
INFORMATION: Apply  [So Jun 13 19:01:55 MESZ 2021]
INFORMATION: Apply  [So Jun 13 19:01:55 MESZ 2021]
INFORMATION: Apply  [So Jun 13 19:01:55 MESZ 2021]
INFORMATION: Apply  [So Jun 13 19:01:55 MESZ 2021]
INFORMATION: Apply  [So Jun 13 19:01:55 MESZ 2021]
INFORMATION: Apply  [So Jun 13 19:01:55 MESZ 2021]
INFORMATION: Apply  [So Jun 13 19:01:55 MESZ 2021]
INFORMATION: Apply  [So Jun 13 19:01:55 MESZ 2021]
INFORMATION: Apply  [So Jun 13 19:01:55 MESZ 2021]
INFORMATION: Apply  [So Jun 13 19:01:55 MESZ 2021]
INFORMATION: Apply  [So Jun 13 19:01:55 MESZ 2021]
INFORMATION: Apply  [So Jun 13 19:01:55 MESZ 2021]
INFORMATION: Apply  [So Jun 13 19:01:55 MESZ 2021]
INFORMATION: Apply  [So Jun 13 19:01:55 MESZ 2021]
INFORMATION: Apply  [So Jun 13 19:01:55 MESZ 2021]
INFORMATION: Apply  [So Jun 13 19:01:55 MESZ 2021]
INFORMATION: Apply  [So Jun 13 19:01:55 MESZ 2021]
INFORMATION: Apply  [So Jun 13 19:01:55 MESZ 2021]
INFORMATION: Apply  [So Jun 13 19:01:55 MESZ 2021]
INFORMATION: Apply  [So Jun 13 19:01:55 MESZ 2021]
INFORMATION: Apply  [So Jun 13 19:01:55 MESZ 2021]
INFORMATION: Apply  [So Jun 13 19:01:55 MESZ 2021]
INFORMATION: Apply  [So Jun 13 19:01:55 MESZ 2021]
INFORMATION: Apply  [So Jun 13 19:01:55 MESZ 2021]
INFORMATION: Apply  [So Jun 13 19:01:55 MESZ 2021]
INFORMATION: NPCs = 2ms PCs = 100ms [So Jun 13 19:01:55 MESZ 2021]
INFORMATION: Apply  [So Jun 13 19:01:55 MESZ 2021]
INFORMATION: 901. turn [So Jun 13 19:01:55 MESZ 2021]
INFORMATION: Apply Move [So Jun 13 19:01:55 MESZ 2021]
INFORMATION: 	getEntityAt XY [x=21, y=15] Entity [id=-1, type=, position=null, energy=0] [So Jun 13 19:01:55 MESZ 2021]
INFORMATION: 	move Entity [id=1, type=MasterSquirrelBot, position=XY [x=22, y=15], energy=3929] XY [x=21, y=15]  [So Jun 13 19:01:55 MESZ 2021]
INFORMATION: Apply Move [So Jun 13 19:01:55 MESZ 2021]
INFORMATION: 	getEntityAt XY [x=23, y=39] Entity [id=-1, type=, position=null, energy=0] [So Jun 13 19:01:55 MESZ 2021]
INFORMATION: 	move Entity [id=0, type=MasterSquirrelBot, position=XY [x=22, y=40], energy=0] XY [x=23, y=39]  [So Jun 13 19:01:55 MESZ 2021]
INFORMATION: Apply  [So Jun 13 19:01:55 MESZ 2021]
INFORMATION: Apply  [So Jun 13 19:01:55 MESZ 2021]
INFORMATION: Apply  [So Jun 13 19:01:55 MESZ 2021]
INFORMATION: Apply  [So Jun 13 19:01:55 MESZ 2021]
INFORMATION: Apply  [So Jun 13 19:01:55 MESZ 2021]
INFORMATION: Apply  [So Jun 13 19:01:55 MESZ 2021]
INFORMATION: Apply  [So Jun 13 19:01:55 MESZ 2021]
INFORMATION: Apply  [So Jun 13 19:01:55 MESZ 2021]
INFORMATION: Apply  [So Jun 13 19:01:55 MESZ 2021]
INFORMATION: Apply  [So Jun 13 19:01:55 MESZ 2021]
INFORMATION: Apply  [So Jun 13 19:01:55 MESZ 2021]
INFORMATION: Apply  [So Jun 13 19:01:55 MESZ 2021]
INFORMATION: Apply  [So Jun 13 19:01:55 MESZ 2021]
INFORMATION: Apply  [So Jun 13 19:01:55 MESZ 2021]
INFORMATION: Apply  [So Jun 13 19:01:55 MESZ 2021]
INFORMATION: Apply  [So Jun 13 19:01:55 MESZ 2021]
INFORMATION: Apply  [So Jun 13 19:01:55 MESZ 2021]
INFORMATION: Apply  [So Jun 13 19:01:55 MESZ 2021]
INFORMATION: Apply  [So Jun 13 19:01:55 MESZ 2021]
INFORMATION: Apply  [So Jun 13 19:01:55 MESZ 2021]
INFORMATION: Apply  [So Jun 13 19:01:55 MESZ 2021]
INFORMATION: Apply  [So Jun 13 19:01:55 MESZ 2021]
INFORMATION: Apply  [So Jun 13 19:01:55 MESZ 2021]
INFORMATION: Apply  [So Jun 13 19:01:55 MESZ 2021]
INFORMATION: Apply  [So Jun 13 19:01:55 MESZ 2021]
INFORMATION: Apply  [So Jun 13 19:01:55 MESZ 2021]
INFORMATION: Apply  [So Jun 13 19:01:55 MESZ 2021]
INFORMATION: Apply  [So Jun 13 19:01:55 MESZ 2021]
INFORMATION: Apply  [So Jun 13 19:01:55 MESZ 2021]
INFORMATION: Apply  [So Jun 13 19:01:55 MESZ 2021]
INFORMATION: Apply  [So Jun 13 19:01:55 MESZ 2021]
INFORMATION: Apply  [So Jun 13 19:01:55 MESZ 2021]
INFORMATION: Apply  [So Jun 13 19:01:55 MESZ 2021]
INFORMATION: Apply  [So Jun 13 19:01:55 MESZ 2021]
INFORMATION: Apply  [So Jun 13 19:01:55 MESZ 2021]
INFORMATION: Apply  [So Jun 13 19:01:55 MESZ 2021]
INFORMATION: Apply  [So Jun 13 19:01:55 MESZ 2021]
INFORMATION: Apply  [So Jun 13 19:01:55 MESZ 2021]
INFORMATION: Apply  [So Jun 13 19:01:55 MESZ 2021]
INFORMATION: Apply  [So Jun 13 19:01:55 MESZ 2021]
INFORMATION: Apply  [So Jun 13 19:01:55 MESZ 2021]
INFORMATION: Apply  [So Jun 13 19:01:55 MESZ 2021]
INFORMATION: Apply  [So Jun 13 19:01:55 MESZ 2021]
INFORMATION: Apply  [So Jun 13 19:01:55 MESZ 2021]
INFORMATION: Apply  [So Jun 13 19:01:55 MESZ 2021]
INFORMATION: Apply  [So Jun 13 19:01:55 MESZ 2021]
INFORMATION: Apply  [So Jun 13 19:01:55 MESZ 2021]
INFORMATION: Apply  [So Jun 13 19:01:55 MESZ 2021]
INFORMATION: Apply  [So Jun 13 19:01:55 MESZ 2021]
INFORMATION: Apply  [So Jun 13 19:01:55 MESZ 2021]
INFORMATION: Apply  [So Jun 13 19:01:55 MESZ 2021]
INFORMATION: Apply  [So Jun 13 19:01:55 MESZ 2021]
INFORMATION: Apply  [So Jun 13 19:01:55 MESZ 2021]
INFORMATION: Apply  [So Jun 13 19:01:55 MESZ 2021]
INFORMATION: Apply  [So Jun 13 19:01:55 MESZ 2021]
INFORMATION: Apply  [So Jun 13 19:01:55 MESZ 2021]
INFORMATION: Apply  [So Jun 13 19:01:55 MESZ 2021]
INFORMATION: Apply  [So Jun 13 19:01:55 MESZ 2021]
INFORMATION: Apply  [So Jun 13 19:01:55 MESZ 2021]
INFORMATION: Apply  [So Jun 13 19:01:55 MESZ 2021]
INFORMATION: Apply  [So Jun 13 19:01:55 MESZ 2021]
INFORMATION: Apply  [So Jun 13 19:01:55 MESZ 2021]
INFORMATION: Apply  [So Jun 13 19:01:55 MESZ 2021]
INFORMATION: Apply  [So Jun 13 19:01:55 MESZ 2021]
INFORMATION: Apply  [So Jun 13 19:01:55 MESZ 2021]
INFORMATION: Apply  [So Jun 13 19:01:55 MESZ 2021]
INFORMATION: Apply  [So Jun 13 19:01:55 MESZ 2021]
INFORMATION: Apply  [So Jun 13 19:01:55 MESZ 2021]
INFORMATION: Apply  [So Jun 13 19:01:55 MESZ 2021]
INFORMATION: Apply  [So Jun 13 19:01:55 MESZ 2021]
INFORMATION: Apply  [So Jun 13 19:01:55 MESZ 2021]
INFORMATION: Apply  [So Jun 13 19:01:55 MESZ 2021]
INFORMATION: Apply  [So Jun 13 19:01:55 MESZ 2021]
INFORMATION: Apply  [So Jun 13 19:01:55 MESZ 2021]
INFORMATION: Apply  [So Jun 13 19:01:55 MESZ 2021]
INFORMATION: NPCs = 2ms PCs = 100ms [So Jun 13 19:01:55 MESZ 2021]
INFORMATION: Apply  [So Jun 13 19:01:55 MESZ 2021]
INFORMATION: 902. turn [So Jun 13 19:01:55 MESZ 2021]
INFORMATION: Apply Move [So Jun 13 19:01:55 MESZ 2021]
INFORMATION: 	getEntityAt XY [x=72, y=55] Entity [id=-1, type=, position=null, energy=0] [So Jun 13 19:01:55 MESZ 2021]
INFORMATION: 	move Entity [id=2, type=MasterSquirrelBot, position=XY [x=71, y=54], energy=6906] XY [x=72, y=55]  [So Jun 13 19:01:55 MESZ 2021]
INFORMATION: Apply  [So Jun 13 19:01:55 MESZ 2021]
INFORMATION: Apply  [So Jun 13 19:01:55 MESZ 2021]
INFORMATION: Apply  [So Jun 13 19:01:55 MESZ 2021]
INFORMATION: Apply  [So Jun 13 19:01:55 MESZ 2021]
INFORMATION: Apply Move [So Jun 13 19:01:55 MESZ 2021]
INFORMATION: 	getEntityAt XY [x=70, y=51] Entity [id=1013, type=Wall, position=XY [x=70, y=51], energy=-10] [So Jun 13 19:01:55 MESZ 2021]
INFORMATION: Apply Collision [So Jun 13 19:01:55 MESZ 2021]
INFORMATION: Apply  [So Jun 13 19:01:55 MESZ 2021]
INFORMATION: Apply  [So Jun 13 19:01:55 MESZ 2021]
INFORMATION: Apply  [So Jun 13 19:01:55 MESZ 2021]
INFORMATION: Apply  [So Jun 13 19:01:55 MESZ 2021]
INFORMATION: Apply  [So Jun 13 19:01:55 MESZ 2021]
INFORMATION: Apply  [So Jun 13 19:01:55 MESZ 2021]
INFORMATION: Apply  [So Jun 13 19:01:55 MESZ 2021]
INFORMATION: Apply  [So Jun 13 19:01:55 MESZ 2021]
INFORMATION: Apply  [So Jun 13 19:01:55 MESZ 2021]
INFORMATION: Apply  [So Jun 13 19:01:55 MESZ 2021]
INFORMATION: Apply  [So Jun 13 19:01:55 MESZ 2021]
INFORMATION: Apply  [So Jun 13 19:01:55 MESZ 2021]
INFORMATION: Apply  [So Jun 13 19:01:55 MESZ 2021]
INFORMATION: Apply  [So Jun 13 19:01:55 MESZ 2021]
INFORMATION: Apply  [So Jun 13 19:01:55 MESZ 2021]
INFORMATION: Apply  [So Jun 13 19:01:55 MESZ 2021]
INFORMATION: Apply  [So Jun 13 19:01:55 MESZ 2021]
INFORMATION: Apply  [So Jun 13 19:01:55 MESZ 2021]
INFORMATION: Apply  [So Jun 13 19:01:55 MESZ 2021]
INFORMATION: Apply  [So Jun 13 19:01:55 MESZ 2021]
INFORMATION: Apply  [So Jun 13 19:01:55 MESZ 2021]
INFORMATION: Apply  [So Jun 13 19:01:55 MESZ 2021]
INFORMATION: Apply  [So Jun 13 19:01:55 MESZ 2021]
INFORMATION: Apply  [So Jun 13 19:01:55 MESZ 2021]
INFORMATION: Apply  [So Jun 13 19:01:55 MESZ 2021]
INFORMATION: Apply  [So Jun 13 19:01:55 MESZ 2021]
INFORMATION: Apply  [So Jun 13 19:01:55 MESZ 2021]
INFORMATION: Apply  [So Jun 13 19:01:55 MESZ 2021]
INFORMATION: Apply  [So Jun 13 19:01:55 MESZ 2021]
INFORMATION: Apply  [So Jun 13 19:01:55 MESZ 2021]
INFORMATION: Apply  [So Jun 13 19:01:55 MESZ 2021]
INFORMATION: Apply  [So Jun 13 19:01:55 MESZ 2021]
INFORMATION: Apply  [So Jun 13 19:01:55 MESZ 2021]
INFORMATION: Apply  [So Jun 13 19:01:55 MESZ 2021]
INFORMATION: Apply  [So Jun 13 19:01:55 MESZ 2021]
INFORMATION: Apply  [So Jun 13 19:01:55 MESZ 2021]
INFORMATION: Apply  [So Jun 13 19:01:55 MESZ 2021]
INFORMATION: Apply  [So Jun 13 19:01:55 MESZ 2021]
INFORMATION: Apply  [So Jun 13 19:01:55 MESZ 2021]
INFORMATION: Apply  [So Jun 13 19:01:55 MESZ 2021]
INFORMATION: Apply  [So Jun 13 19:01:55 MESZ 2021]
INFORMATION: Apply  [So Jun 13 19:01:55 MESZ 2021]
INFORMATION: Apply  [So Jun 13 19:01:55 MESZ 2021]
INFORMATION: Apply  [So Jun 13 19:01:55 MESZ 2021]
INFORMATION: Apply Move [So Jun 13 19:01:55 MESZ 2021]
INFORMATION: 	getEntityAt XY [x=75, y=58] Entity [id=-1, type=, position=null, energy=0] [So Jun 13 19:01:55 MESZ 2021]
INFORMATION: 	move Entity [id=1274, type=GoodBeast, position=XY [x=74, y=57], energy=200] XY [x=75, y=58]  [So Jun 13 19:01:55 MESZ 2021]
INFORMATION: Apply  [So Jun 13 19:01:55 MESZ 2021]
INFORMATION: Apply  [So Jun 13 19:01:55 MESZ 2021]
INFORMATION: Apply  [So Jun 13 19:01:55 MESZ 2021]
INFORMATION: Apply  [So Jun 13 19:01:55 MESZ 2021]
INFORMATION: Apply  [So Jun 13 19:01:55 MESZ 2021]
INFORMATION: Apply  [So Jun 13 19:01:55 MESZ 2021]
INFORMATION: Apply  [So Jun 13 19:01:55 MESZ 2021]
INFORMATION: Apply  [So Jun 13 19:01:55 MESZ 2021]
INFORMATION: Apply  [So Jun 13 19:01:55 MESZ 2021]
INFORMATION: Apply  [So Jun 13 19:01:55 MESZ 2021]
INFORMATION: Apply  [So Jun 13 19:01:55 MESZ 2021]
INFORMATION: Apply  [So Jun 13 19:01:55 MESZ 2021]
INFORMATION: Apply  [So Jun 13 19:01:55 MESZ 2021]
INFORMATION: Apply  [So Jun 13 19:01:55 MESZ 2021]
INFORMATION: Apply  [So Jun 13 19:01:55 MESZ 2021]
INFORMATION: Apply Move [So Jun 13 19:01:55 MESZ 2021]
INFORMATION: 	getEntityAt XY [x=73, y=55] Entity [id=-1, type=, position=null, energy=0] [So Jun 13 19:01:55 MESZ 2021]
INFORMATION: 	move Entity [id=1185, type=BadBeast, position=XY [x=74, y=55], energy=-150] XY [x=73, y=55]  [So Jun 13 19:01:55 MESZ 2021]
INFORMATION: Apply  [So Jun 13 19:01:55 MESZ 2021]
INFORMATION: Apply  [So Jun 13 19:01:55 MESZ 2021]
INFORMATION: Apply  [So Jun 13 19:01:55 MESZ 2021]
INFORMATION: Apply  [So Jun 13 19:01:55 MESZ 2021]
INFORMATION: Apply  [So Jun 13 19:01:55 MESZ 2021]
INFORMATION: Apply  [So Jun 13 19:01:55 MESZ 2021]
INFORMATION: Apply  [So Jun 13 19:01:55 MESZ 2021]
INFORMATION: Apply  [So Jun 13 19:01:55 MESZ 2021]
INFORMATION: Apply  [So Jun 13 19:01:55 MESZ 2021]
INFORMATION: Apply  [So Jun 13 19:01:55 MESZ 2021]
INFORMATION: Apply  [So Jun 13 19:01:55 MESZ 2021]
INFORMATION: Apply  [So Jun 13 19:01:55 MESZ 2021]
INFORMATION: Apply  [So Jun 13 19:01:55 MESZ 2021]
INFORMATION: NPCs = 2ms PCs = 100ms [So Jun 13 19:01:55 MESZ 2021]
INFORMATION: 903. turn [So Jun 13 19:01:55 MESZ 2021]
INFORMATION: Apply Move [So Jun 13 19:01:55 MESZ 2021]
INFORMATION: 	getEntityAt XY [x=20, y=16] Entity [id=-1, type=, position=null, energy=0] [So Jun 13 19:01:55 MESZ 2021]
INFORMATION: 	move Entity [id=1, type=MasterSquirrelBot, position=XY [x=21, y=15], energy=3929] XY [x=20, y=16]  [So Jun 13 19:01:55 MESZ 2021]
INFORMATION: Apply Move [So Jun 13 19:01:55 MESZ 2021]
INFORMATION: 	getEntityAt XY [x=23, y=40] Entity [id=-1, type=, position=null, energy=0] [So Jun 13 19:01:55 MESZ 2021]
INFORMATION: 	move Entity [id=0, type=MasterSquirrelBot, position=XY [x=23, y=39], energy=0] XY [x=23, y=40]  [So Jun 13 19:01:55 MESZ 2021]
INFORMATION: Apply  [So Jun 13 19:01:55 MESZ 2021]
INFORMATION: Apply  [So Jun 13 19:01:55 MESZ 2021]
INFORMATION: Apply  [So Jun 13 19:01:55 MESZ 2021]
INFORMATION: Apply  [So Jun 13 19:01:55 MESZ 2021]
INFORMATION: Apply  [So Jun 13 19:01:55 MESZ 2021]
INFORMATION: Apply  [So Jun 13 19:01:55 MESZ 2021]
INFORMATION: Apply  [So Jun 13 19:01:55 MESZ 2021]
INFORMATION: Apply  [So Jun 13 19:01:55 MESZ 2021]
INFORMATION: Apply  [So Jun 13 19:01:55 MESZ 2021]
INFORMATION: Apply  [So Jun 13 19:01:55 MESZ 2021]
INFORMATION: Apply  [So Jun 13 19:01:55 MESZ 2021]
INFORMATION: Apply  [So Jun 13 19:01:55 MESZ 2021]
INFORMATION: Apply  [So Jun 13 19:01:55 MESZ 2021]
INFORMATION: Apply  [So Jun 13 19:01:55 MESZ 2021]
INFORMATION: Apply  [So Jun 13 19:01:55 MESZ 2021]
INFORMATION: Apply  [So Jun 13 19:01:55 MESZ 2021]
INFORMATION: Apply  [So Jun 13 19:01:55 MESZ 2021]
INFORMATION: Apply  [So Jun 13 19:01:55 MESZ 2021]
INFORMATION: Apply  [So Jun 13 19:01:55 MESZ 2021]
INFORMATION: Apply  [So Jun 13 19:01:55 MESZ 2021]
INFORMATION: Apply  [So Jun 13 19:01:55 MESZ 2021]
INFORMATION: Apply  [So Jun 13 19:01:55 MESZ 2021]
INFORMATION: Apply  [So Jun 13 19:01:55 MESZ 2021]
INFORMATION: Apply  [So Jun 13 19:01:55 MESZ 2021]
INFORMATION: Apply  [So Jun 13 19:01:55 MESZ 2021]
INFORMATION: Apply  [So Jun 13 19:01:55 MESZ 2021]
INFORMATION: Apply  [So Jun 13 19:01:55 MESZ 2021]
INFORMATION: Apply  [So Jun 13 19:01:55 MESZ 2021]
INFORMATION: Apply  [So Jun 13 19:01:55 MESZ 2021]
INFORMATION: Apply  [So Jun 13 19:01:55 MESZ 2021]
INFORMATION: Apply  [So Jun 13 19:01:55 MESZ 2021]
INFORMATION: Apply  [So Jun 13 19:01:55 MESZ 2021]
INFORMATION: Apply  [So Jun 13 19:01:55 MESZ 2021]
INFORMATION: Apply  [So Jun 13 19:01:55 MESZ 2021]
INFORMATION: Apply  [So Jun 13 19:01:55 MESZ 2021]
INFORMATION: Apply  [So Jun 13 19:01:55 MESZ 2021]
INFORMATION: Apply  [So Jun 13 19:01:55 MESZ 2021]
INFORMATION: Apply  [So Jun 13 19:01:55 MESZ 2021]
INFORMATION: Apply  [So Jun 13 19:01:55 MESZ 2021]
INFORMATION: Apply  [So Jun 13 19:01:55 MESZ 2021]
INFORMATION: Apply  [So Jun 13 19:01:55 MESZ 2021]
INFORMATION: Apply  [So Jun 13 19:01:55 MESZ 2021]
INFORMATION: Apply  [So Jun 13 19:01:55 MESZ 2021]
INFORMATION: Apply  [So Jun 13 19:01:55 MESZ 2021]
INFORMATION: Apply  [So Jun 13 19:01:55 MESZ 2021]
INFORMATION: Apply  [So Jun 13 19:01:55 MESZ 2021]
INFORMATION: Apply  [So Jun 13 19:01:55 MESZ 2021]
INFORMATION: Apply  [So Jun 13 19:01:55 MESZ 2021]
INFORMATION: Apply  [So Jun 13 19:01:55 MESZ 2021]
INFORMATION: Apply  [So Jun 13 19:01:55 MESZ 2021]
INFORMATION: Apply  [So Jun 13 19:01:55 MESZ 2021]
INFORMATION: Apply  [So Jun 13 19:01:55 MESZ 2021]
INFORMATION: Apply  [So Jun 13 19:01:55 MESZ 2021]
INFORMATION: Apply  [So Jun 13 19:01:55 MESZ 2021]
INFORMATION: Apply  [So Jun 13 19:01:55 MESZ 2021]
INFORMATION: Apply  [So Jun 13 19:01:55 MESZ 2021]
INFORMATION: Apply  [So Jun 13 19:01:55 MESZ 2021]
INFORMATION: Apply  [So Jun 13 19:01:55 MESZ 2021]
INFORMATION: Apply  [So Jun 13 19:01:55 MESZ 2021]
INFORMATION: Apply  [So Jun 13 19:01:55 MESZ 2021]
INFORMATION: Apply  [So Jun 13 19:01:55 MESZ 2021]
INFORMATION: Apply  [So Jun 13 19:01:55 MESZ 2021]
INFORMATION: Apply  [So Jun 13 19:01:55 MESZ 2021]
INFORMATION: Apply  [So Jun 13 19:01:55 MESZ 2021]
INFORMATION: Apply  [So Jun 13 19:01:55 MESZ 2021]
INFORMATION: Apply  [So Jun 13 19:01:55 MESZ 2021]
INFORMATION: Apply  [So Jun 13 19:01:55 MESZ 2021]
INFORMATION: Apply  [So Jun 13 19:01:55 MESZ 2021]
INFORMATION: Apply  [So Jun 13 19:01:55 MESZ 2021]
INFORMATION: Apply  [So Jun 13 19:01:55 MESZ 2021]
INFORMATION: Apply  [So Jun 13 19:01:55 MESZ 2021]
INFORMATION: Apply  [So Jun 13 19:01:55 MESZ 2021]
INFORMATION: Apply  [So Jun 13 19:01:55 MESZ 2021]
INFORMATION: Apply  [So Jun 13 19:01:55 MESZ 2021]
INFORMATION: Apply  [So Jun 13 19:01:55 MESZ 2021]
INFORMATION: Apply Move [So Jun 13 19:01:55 MESZ 2021]
INFORMATION: NPCs = 2ms PCs = 99ms [So Jun 13 19:01:55 MESZ 2021]
INFORMATION: 	getEntityAt XY [x=18, y=18] Entity [id=300, type=Wall, position=XY [x=18, y=18], energy=-10] [So Jun 13 19:01:55 MESZ 2021]
INFORMATION: Apply Collision [So Jun 13 19:01:55 MESZ 2021]
INFORMATION: Apply Move [So Jun 13 19:01:55 MESZ 2021]
INFORMATION: 	getEntityAt XY [x=16, y=40] Entity [id=-1, type=, position=null, energy=0] [So Jun 13 19:01:55 MESZ 2021]
INFORMATION: 	move Entity [id=1241, type=GoodBeast, position=XY [x=17, y=40], energy=200] XY [x=16, y=40]  [So Jun 13 19:01:55 MESZ 2021]
INFORMATION: 904. turn [So Jun 13 19:01:57 MESZ 2021]
INFORMATION: Apply Move [So Jun 13 19:01:57 MESZ 2021]
INFORMATION: 	getEntityAt XY [x=73, y=56] Entity [id=-1, type=, position=null, energy=0] [So Jun 13 19:01:57 MESZ 2021]
INFORMATION: 	move Entity [id=2, type=MasterSquirrelBot, position=XY [x=72, y=55], energy=6906] XY [x=73, y=56]  [So Jun 13 19:01:57 MESZ 2021]
INFORMATION: Apply  [So Jun 13 19:01:57 MESZ 2021]
INFORMATION: Apply  [So Jun 13 19:01:57 MESZ 2021]
INFORMATION: Apply  [So Jun 13 19:01:57 MESZ 2021]
INFORMATION: Apply  [So Jun 13 19:01:57 MESZ 2021]
INFORMATION: Apply  [So Jun 13 19:01:57 MESZ 2021]
INFORMATION: Apply  [So Jun 13 19:01:57 MESZ 2021]
INFORMATION: Apply  [So Jun 13 19:01:57 MESZ 2021]
INFORMATION: Apply  [So Jun 13 19:01:57 MESZ 2021]
INFORMATION: Apply  [So Jun 13 19:01:57 MESZ 2021]
INFORMATION: Apply  [So Jun 13 19:01:57 MESZ 2021]
INFORMATION: Apply  [So Jun 13 19:01:57 MESZ 2021]
INFORMATION: Apply  [So Jun 13 19:01:57 MESZ 2021]
INFORMATION: Apply  [So Jun 13 19:01:57 MESZ 2021]
INFORMATION: Apply  [So Jun 13 19:01:57 MESZ 2021]
INFORMATION: Apply  [So Jun 13 19:01:57 MESZ 2021]
INFORMATION: Apply  [So Jun 13 19:01:57 MESZ 2021]
INFORMATION: Apply  [So Jun 13 19:01:57 MESZ 2021]
INFORMATION: Apply  [So Jun 13 19:01:57 MESZ 2021]
INFORMATION: Apply  [So Jun 13 19:01:57 MESZ 2021]
INFORMATION: Apply  [So Jun 13 19:01:57 MESZ 2021]
INFORMATION: Apply  [So Jun 13 19:01:57 MESZ 2021]
INFORMATION: Apply  [So Jun 13 19:01:57 MESZ 2021]
INFORMATION: Apply  [So Jun 13 19:01:57 MESZ 2021]
INFORMATION: Apply  [So Jun 13 19:01:57 MESZ 2021]
INFORMATION: Apply  [So Jun 13 19:01:57 MESZ 2021]
INFORMATION: Apply  [So Jun 13 19:01:57 MESZ 2021]
INFORMATION: Apply  [So Jun 13 19:01:57 MESZ 2021]
INFORMATION: Apply  [So Jun 13 19:01:57 MESZ 2021]
INFORMATION: Apply  [So Jun 13 19:01:57 MESZ 2021]
INFORMATION: Apply  [So Jun 13 19:01:57 MESZ 2021]
INFORMATION: Apply  [So Jun 13 19:01:57 MESZ 2021]
INFORMATION: Apply  [So Jun 13 19:01:57 MESZ 2021]
INFORMATION: Apply  [So Jun 13 19:01:57 MESZ 2021]
INFORMATION: Apply  [So Jun 13 19:01:57 MESZ 2021]
INFORMATION: Apply  [So Jun 13 19:01:57 MESZ 2021]
INFORMATION: Apply  [So Jun 13 19:01:57 MESZ 2021]
INFORMATION: Apply  [So Jun 13 19:01:57 MESZ 2021]
INFORMATION: Apply  [So Jun 13 19:01:57 MESZ 2021]
INFORMATION: Apply  [So Jun 13 19:01:57 MESZ 2021]
INFORMATION: Apply  [So Jun 13 19:01:57 MESZ 2021]
INFORMATION: Apply  [So Jun 13 19:01:57 MESZ 2021]
INFORMATION: Apply  [So Jun 13 19:01:57 MESZ 2021]
INFORMATION: Apply  [So Jun 13 19:01:57 MESZ 2021]
INFORMATION: Apply  [So Jun 13 19:01:57 MESZ 2021]
INFORMATION: Apply  [So Jun 13 19:01:57 MESZ 2021]
INFORMATION: Apply  [So Jun 13 19:01:57 MESZ 2021]
INFORMATION: Apply  [So Jun 13 19:01:57 MESZ 2021]
INFORMATION: Apply  [So Jun 13 19:01:57 MESZ 2021]
INFORMATION: Apply  [So Jun 13 19:01:57 MESZ 2021]
INFORMATION: Apply  [So Jun 13 19:01:57 MESZ 2021]
INFORMATION: Apply  [So Jun 13 19:01:57 MESZ 2021]
INFORMATION: Apply  [So Jun 13 19:01:57 MESZ 2021]
INFORMATION: Apply  [So Jun 13 19:01:57 MESZ 2021]
INFORMATION: Apply  [So Jun 13 19:01:57 MESZ 2021]
INFORMATION: Apply  [So Jun 13 19:01:57 MESZ 2021]
INFORMATION: Apply  [So Jun 13 19:01:57 MESZ 2021]
INFORMATION: Apply  [So Jun 13 19:01:57 MESZ 2021]
INFORMATION: Apply  [So Jun 13 19:01:57 MESZ 2021]
INFORMATION: Apply  [So Jun 13 19:01:57 MESZ 2021]
INFORMATION: Apply  [So Jun 13 19:01:57 MESZ 2021]
INFORMATION: Apply  [So Jun 13 19:01:57 MESZ 2021]
INFORMATION: Apply  [So Jun 13 19:01:57 MESZ 2021]
INFORMATION: Apply  [So Jun 13 19:01:57 MESZ 2021]
INFORMATION: Apply  [So Jun 13 19:01:57 MESZ 2021]
INFORMATION: Apply  [So Jun 13 19:01:57 MESZ 2021]
INFORMATION: Apply  [So Jun 13 19:01:57 MESZ 2021]
INFORMATION: Apply  [So Jun 13 19:01:57 MESZ 2021]
INFORMATION: Apply  [So Jun 13 19:01:57 MESZ 2021]
INFORMATION: Apply  [So Jun 13 19:01:57 MESZ 2021]
INFORMATION: Apply  [So Jun 13 19:01:57 MESZ 2021]
INFORMATION: Apply  [So Jun 13 19:01:57 MESZ 2021]
INFORMATION: Apply  [So Jun 13 19:01:57 MESZ 2021]
INFORMATION: Apply  [So Jun 13 19:01:57 MESZ 2021]
INFORMATION: Apply  [So Jun 13 19:01:57 MESZ 2021]
INFORMATION: NPCs = 2ms PCs = 100ms [So Jun 13 19:01:57 MESZ 2021]
INFORMATION: Apply  [So Jun 13 19:01:57 MESZ 2021]
